{"D:\\ATLP\\My_brandAPI\\dest\\src\\index.js": {"path":"D:\\ATLP\\My_brandAPI\\dest\\src\\index.js","statementMap":{"0":{"start":{"line":2,"column":22},"end":{"line":4,"column":1}},"1":{"start":{"line":3,"column":4},"end":{"line":3,"column":62}},"2":{"start":{"line":5,"column":0},"end":{"line":5,"column":62}},"3":{"start":{"line":6,"column":0},"end":{"line":6,"column":38}},"4":{"start":{"line":7,"column":18},"end":{"line":7,"column":53}},"5":{"start":{"line":8,"column":20},"end":{"line":8,"column":68}},"6":{"start":{"line":9,"column":20},"end":{"line":9,"column":66}},"7":{"start":{"line":10,"column":23},"end":{"line":10,"column":72}},"8":{"start":{"line":11,"column":23},"end":{"line":11,"column":72}},"9":{"start":{"line":12,"column":21},"end":{"line":12,"column":68}},"10":{"start":{"line":13,"column":23},"end":{"line":13,"column":72}},"11":{"start":{"line":14,"column":29},"end":{"line":14,"column":75}},"12":{"start":{"line":15,"column":30},"end":{"line":15,"column":79}},"13":{"start":{"line":16,"column":17},"end":{"line":16,"column":51}},"14":{"start":{"line":17,"column":0},"end":{"line":17,"column":26}},"15":{"start":{"line":18,"column":12},"end":{"line":18,"column":36}},"16":{"start":{"line":19,"column":0},"end":{"line":19,"column":18}},"17":{"start":{"line":20,"column":13},"end":{"line":20,"column":37}},"18":{"start":{"line":21,"column":0},"end":{"line":21,"column":34}},"19":{"start":{"line":22,"column":0},"end":{"line":22,"column":27}},"20":{"start":{"line":23,"column":0},"end":{"line":23,"column":37}},"21":{"start":{"line":24,"column":0},"end":{"line":24,"column":40}},"22":{"start":{"line":25,"column":0},"end":{"line":25,"column":40}},"23":{"start":{"line":26,"column":0},"end":{"line":26,"column":38}},"24":{"start":{"line":27,"column":0},"end":{"line":27,"column":40}},"25":{"start":{"line":28,"column":0},"end":{"line":28,"column":124}},"26":{"start":{"line":29,"column":15},"end":{"line":31,"column":2}},"27":{"start":{"line":30,"column":4},"end":{"line":30,"column":52}},"28":{"start":{"line":32,"column":0},"end":{"line":32,"column":24}}},"fnMap":{"0":{"name":"(anonymous_0)","decl":{"start":{"line":2,"column":56},"end":{"line":2,"column":57}},"loc":{"start":{"line":2,"column":71},"end":{"line":4,"column":1}},"line":2},"1":{"name":"(anonymous_1)","decl":{"start":{"line":29,"column":32},"end":{"line":29,"column":33}},"loc":{"start":{"line":29,"column":38},"end":{"line":31,"column":1}},"line":29}},"branchMap":{"0":{"loc":{"start":{"line":2,"column":22},"end":{"line":4,"column":1}},"type":"binary-expr","locations":[{"start":{"line":2,"column":23},"end":{"line":2,"column":27}},{"start":{"line":2,"column":31},"end":{"line":2,"column":51}},{"start":{"line":2,"column":56},"end":{"line":4,"column":1}}],"line":2},"1":{"loc":{"start":{"line":3,"column":11},"end":{"line":3,"column":61}},"type":"cond-expr","locations":[{"start":{"line":3,"column":37},"end":{"line":3,"column":40}},{"start":{"line":3,"column":43},"end":{"line":3,"column":61}}],"line":3},"2":{"loc":{"start":{"line":3,"column":12},"end":{"line":3,"column":33}},"type":"binary-expr","locations":[{"start":{"line":3,"column":12},"end":{"line":3,"column":15}},{"start":{"line":3,"column":19},"end":{"line":3,"column":33}}],"line":3},"3":{"loc":{"start":{"line":20,"column":13},"end":{"line":20,"column":37}},"type":"binary-expr","locations":[{"start":{"line":20,"column":13},"end":{"line":20,"column":29}},{"start":{"line":20,"column":33},"end":{"line":20,"column":37}}],"line":20}},"s":{"0":1,"1":10,"2":1,"3":1,"4":1,"5":1,"6":1,"7":1,"8":1,"9":1,"10":1,"11":1,"12":1,"13":1,"14":1,"15":1,"16":1,"17":1,"18":1,"19":1,"20":1,"21":1,"22":1,"23":1,"24":1,"25":1,"26":1,"27":1,"28":1},"f":{"0":10,"1":1},"b":{"0":[1,1,1],"1":[6,4],"2":[10,10],"3":[1,1]},"inputSourceMap":null,"_coverageSchema":"1a1c01bbd47fc00a2c39e90264f33305004495a9","hash":"442b540b352f996886c7a80a3fabdb6e9cf27495"}
,"D:\\ATLP\\My_brandAPI\\dest\\src\\controllers\\articleController.js": {"path":"D:\\ATLP\\My_brandAPI\\dest\\src\\controllers\\articleController.js","statementMap":{"0":{"start":{"line":2,"column":16},"end":{"line":10,"column":1}},"1":{"start":{"line":3,"column":28},"end":{"line":3,"column":110}},"2":{"start":{"line":3,"column":91},"end":{"line":3,"column":106}},"3":{"start":{"line":4,"column":4},"end":{"line":9,"column":7}},"4":{"start":{"line":5,"column":36},"end":{"line":5,"column":97}},"5":{"start":{"line":5,"column":42},"end":{"line":5,"column":70}},"6":{"start":{"line":5,"column":85},"end":{"line":5,"column":95}},"7":{"start":{"line":6,"column":35},"end":{"line":6,"column":100}},"8":{"start":{"line":6,"column":41},"end":{"line":6,"column":73}},"9":{"start":{"line":6,"column":88},"end":{"line":6,"column":98}},"10":{"start":{"line":7,"column":32},"end":{"line":7,"column":116}},"11":{"start":{"line":8,"column":8},"end":{"line":8,"column":78}},"12":{"start":{"line":11,"column":0},"end":{"line":11,"column":62}},"13":{"start":{"line":12,"column":18},"end":{"line":12,"column":45}},"14":{"start":{"line":13,"column":28},"end":{"line":13,"column":71}},"15":{"start":{"line":17,"column":8},"end":{"line":34,"column":11}},"16":{"start":{"line":18,"column":12},"end":{"line":33,"column":13}},"17":{"start":{"line":19,"column":40},"end":{"line":19,"column":48}},"18":{"start":{"line":20,"column":34},"end":{"line":20,"column":94}},"19":{"start":{"line":21,"column":43},"end":{"line":21,"column":122}},"20":{"start":{"line":22,"column":16},"end":{"line":25,"column":17}},"21":{"start":{"line":23,"column":49},"end":{"line":23,"column":67}},"22":{"start":{"line":24,"column":20},"end":{"line":24,"column":86}},"23":{"start":{"line":26,"column":35},"end":{"line":26,"column":76}},"24":{"start":{"line":27,"column":16},"end":{"line":27,"column":40}},"25":{"start":{"line":28,"column":16},"end":{"line":28,"column":85}},"26":{"start":{"line":31,"column":16},"end":{"line":31,"column":37}},"27":{"start":{"line":32,"column":16},"end":{"line":32,"column":99}},"28":{"start":{"line":38,"column":8},"end":{"line":58,"column":11}},"29":{"start":{"line":39,"column":12},"end":{"line":57,"column":13}},"30":{"start":{"line":40,"column":31},"end":{"line":40,"column":41}},"31":{"start":{"line":41,"column":40},"end":{"line":41,"column":48}},"32":{"start":{"line":42,"column":34},"end":{"line":42,"column":94}},"33":{"start":{"line":43,"column":43},"end":{"line":43,"column":129}},"34":{"start":{"line":44,"column":16},"end":{"line":47,"column":17}},"35":{"start":{"line":45,"column":49},"end":{"line":45,"column":67}},"36":{"start":{"line":46,"column":20},"end":{"line":46,"column":86}},"37":{"start":{"line":48,"column":39},"end":{"line":48,"column":119}},"38":{"start":{"line":49,"column":16},"end":{"line":51,"column":17}},"39":{"start":{"line":50,"column":20},"end":{"line":50,"column":96}},"40":{"start":{"line":52,"column":16},"end":{"line":52,"column":89}},"41":{"start":{"line":55,"column":16},"end":{"line":55,"column":64}},"42":{"start":{"line":56,"column":16},"end":{"line":56,"column":99}},"43":{"start":{"line":61,"column":8},"end":{"line":74,"column":11}},"44":{"start":{"line":62,"column":12},"end":{"line":73,"column":13}},"45":{"start":{"line":63,"column":31},"end":{"line":63,"column":41}},"46":{"start":{"line":64,"column":39},"end":{"line":64,"column":84}},"47":{"start":{"line":65,"column":16},"end":{"line":67,"column":17}},"48":{"start":{"line":66,"column":20},"end":{"line":66,"column":96}},"49":{"start":{"line":68,"column":16},"end":{"line":68,"column":108}},"50":{"start":{"line":71,"column":16},"end":{"line":71,"column":64}},"51":{"start":{"line":72,"column":16},"end":{"line":72,"column":99}},"52":{"start":{"line":77,"column":8},"end":{"line":86,"column":11}},"53":{"start":{"line":78,"column":12},"end":{"line":85,"column":13}},"54":{"start":{"line":79,"column":33},"end":{"line":79,"column":63}},"55":{"start":{"line":80,"column":16},"end":{"line":80,"column":84}},"56":{"start":{"line":83,"column":16},"end":{"line":83,"column":65}},"57":{"start":{"line":84,"column":16},"end":{"line":84,"column":99}},"58":{"start":{"line":89,"column":8},"end":{"line":99,"column":11}},"59":{"start":{"line":90,"column":12},"end":{"line":98,"column":13}},"60":{"start":{"line":91,"column":31},"end":{"line":91,"column":41}},"61":{"start":{"line":92,"column":38},"end":{"line":92,"column":74}},"62":{"start":{"line":93,"column":16},"end":{"line":93,"column":89}},"63":{"start":{"line":96,"column":16},"end":{"line":96,"column":65}},"64":{"start":{"line":97,"column":16},"end":{"line":97,"column":99}},"65":{"start":{"line":102,"column":0},"end":{"line":102,"column":42}}},"fnMap":{"0":{"name":"(anonymous_0)","decl":{"start":{"line":2,"column":44},"end":{"line":2,"column":45}},"loc":{"start":{"line":2,"column":89},"end":{"line":10,"column":1}},"line":2},"1":{"name":"adopt","decl":{"start":{"line":3,"column":13},"end":{"line":3,"column":18}},"loc":{"start":{"line":3,"column":26},"end":{"line":3,"column":112}},"line":3},"2":{"name":"(anonymous_2)","decl":{"start":{"line":3,"column":70},"end":{"line":3,"column":71}},"loc":{"start":{"line":3,"column":89},"end":{"line":3,"column":108}},"line":3},"3":{"name":"(anonymous_3)","decl":{"start":{"line":4,"column":36},"end":{"line":4,"column":37}},"loc":{"start":{"line":4,"column":63},"end":{"line":9,"column":5}},"line":4},"4":{"name":"fulfilled","decl":{"start":{"line":5,"column":17},"end":{"line":5,"column":26}},"loc":{"start":{"line":5,"column":34},"end":{"line":5,"column":99}},"line":5},"5":{"name":"rejected","decl":{"start":{"line":6,"column":17},"end":{"line":6,"column":25}},"loc":{"start":{"line":6,"column":33},"end":{"line":6,"column":102}},"line":6},"6":{"name":"step","decl":{"start":{"line":7,"column":17},"end":{"line":7,"column":21}},"loc":{"start":{"line":7,"column":30},"end":{"line":7,"column":118}},"line":7},"7":{"name":"(anonymous_7)","decl":{"start":{"line":15,"column":4},"end":{"line":15,"column":5}},"loc":{"start":{"line":15,"column":28},"end":{"line":35,"column":5}},"line":15},"8":{"name":"(anonymous_8)","decl":{"start":{"line":17,"column":47},"end":{"line":17,"column":48}},"loc":{"start":{"line":17,"column":60},"end":{"line":34,"column":9}},"line":17},"9":{"name":"(anonymous_9)","decl":{"start":{"line":36,"column":4},"end":{"line":36,"column":5}},"loc":{"start":{"line":36,"column":28},"end":{"line":59,"column":5}},"line":36},"10":{"name":"(anonymous_10)","decl":{"start":{"line":38,"column":47},"end":{"line":38,"column":48}},"loc":{"start":{"line":38,"column":60},"end":{"line":58,"column":9}},"line":38},"11":{"name":"(anonymous_11)","decl":{"start":{"line":60,"column":4},"end":{"line":60,"column":5}},"loc":{"start":{"line":60,"column":28},"end":{"line":75,"column":5}},"line":60},"12":{"name":"(anonymous_12)","decl":{"start":{"line":61,"column":47},"end":{"line":61,"column":48}},"loc":{"start":{"line":61,"column":60},"end":{"line":74,"column":9}},"line":61},"13":{"name":"(anonymous_13)","decl":{"start":{"line":76,"column":4},"end":{"line":76,"column":5}},"loc":{"start":{"line":76,"column":29},"end":{"line":87,"column":5}},"line":76},"14":{"name":"(anonymous_14)","decl":{"start":{"line":77,"column":47},"end":{"line":77,"column":48}},"loc":{"start":{"line":77,"column":60},"end":{"line":86,"column":9}},"line":77},"15":{"name":"(anonymous_15)","decl":{"start":{"line":88,"column":4},"end":{"line":88,"column":5}},"loc":{"start":{"line":88,"column":28},"end":{"line":100,"column":5}},"line":88},"16":{"name":"(anonymous_16)","decl":{"start":{"line":89,"column":47},"end":{"line":89,"column":48}},"loc":{"start":{"line":89,"column":60},"end":{"line":99,"column":9}},"line":89}},"branchMap":{"0":{"loc":{"start":{"line":2,"column":16},"end":{"line":10,"column":1}},"type":"binary-expr","locations":[{"start":{"line":2,"column":17},"end":{"line":2,"column":21}},{"start":{"line":2,"column":25},"end":{"line":2,"column":39}},{"start":{"line":2,"column":44},"end":{"line":10,"column":1}}],"line":2},"1":{"loc":{"start":{"line":3,"column":35},"end":{"line":3,"column":109}},"type":"cond-expr","locations":[{"start":{"line":3,"column":56},"end":{"line":3,"column":61}},{"start":{"line":3,"column":64},"end":{"line":3,"column":109}}],"line":3},"2":{"loc":{"start":{"line":4,"column":16},"end":{"line":4,"column":34}},"type":"binary-expr","locations":[{"start":{"line":4,"column":16},"end":{"line":4,"column":17}},{"start":{"line":4,"column":22},"end":{"line":4,"column":33}}],"line":4},"3":{"loc":{"start":{"line":7,"column":32},"end":{"line":7,"column":115}},"type":"cond-expr","locations":[{"start":{"line":7,"column":46},"end":{"line":7,"column":67}},{"start":{"line":7,"column":70},"end":{"line":7,"column":115}}],"line":7},"4":{"loc":{"start":{"line":8,"column":51},"end":{"line":8,"column":67}},"type":"binary-expr","locations":[{"start":{"line":8,"column":51},"end":{"line":8,"column":61}},{"start":{"line":8,"column":65},"end":{"line":8,"column":67}}],"line":8},"5":{"loc":{"start":{"line":20,"column":34},"end":{"line":20,"column":94}},"type":"cond-expr","locations":[{"start":{"line":20,"column":78},"end":{"line":20,"column":84}},{"start":{"line":20,"column":87},"end":{"line":20,"column":94}}],"line":20},"6":{"loc":{"start":{"line":20,"column":34},"end":{"line":20,"column":75}},"type":"binary-expr","locations":[{"start":{"line":20,"column":34},"end":{"line":20,"column":58}},{"start":{"line":20,"column":62},"end":{"line":20,"column":75}}],"line":20},"7":{"loc":{"start":{"line":22,"column":16},"end":{"line":25,"column":17}},"type":"if","locations":[{"start":{"line":22,"column":16},"end":{"line":25,"column":17}},{"start":{},"end":{}}],"line":22},"8":{"loc":{"start":{"line":42,"column":34},"end":{"line":42,"column":94}},"type":"cond-expr","locations":[{"start":{"line":42,"column":78},"end":{"line":42,"column":84}},{"start":{"line":42,"column":87},"end":{"line":42,"column":94}}],"line":42},"9":{"loc":{"start":{"line":42,"column":34},"end":{"line":42,"column":75}},"type":"binary-expr","locations":[{"start":{"line":42,"column":34},"end":{"line":42,"column":58}},{"start":{"line":42,"column":62},"end":{"line":42,"column":75}}],"line":42},"10":{"loc":{"start":{"line":44,"column":16},"end":{"line":47,"column":17}},"type":"if","locations":[{"start":{"line":44,"column":16},"end":{"line":47,"column":17}},{"start":{},"end":{}}],"line":44},"11":{"loc":{"start":{"line":49,"column":16},"end":{"line":51,"column":17}},"type":"if","locations":[{"start":{"line":49,"column":16},"end":{"line":51,"column":17}},{"start":{},"end":{}}],"line":49},"12":{"loc":{"start":{"line":65,"column":16},"end":{"line":67,"column":17}},"type":"if","locations":[{"start":{"line":65,"column":16},"end":{"line":67,"column":17}},{"start":{},"end":{}}],"line":65}},"s":{"0":1,"1":5,"2":4,"3":4,"4":2,"5":2,"6":0,"7":3,"8":3,"9":0,"10":9,"11":4,"12":1,"13":1,"14":1,"15":0,"16":0,"17":0,"18":0,"19":0,"20":0,"21":0,"22":0,"23":0,"24":0,"25":0,"26":0,"27":0,"28":1,"29":1,"30":1,"31":1,"32":1,"33":1,"34":1,"35":0,"36":0,"37":1,"38":0,"39":0,"40":0,"41":1,"42":1,"43":1,"44":1,"45":1,"46":1,"47":0,"48":0,"49":0,"50":1,"51":1,"52":1,"53":1,"54":1,"55":1,"56":0,"57":0,"58":1,"59":1,"60":1,"61":1,"62":0,"63":1,"64":1,"65":1},"f":{"0":4,"1":5,"2":4,"3":4,"4":2,"5":3,"6":9,"7":0,"8":0,"9":1,"10":1,"11":1,"12":1,"13":1,"14":1,"15":1,"16":1},"b":{"0":[1,1,1],"1":[1,4],"2":[4,4],"3":[4,5],"4":[4,4],"5":[0,0],"6":[0,0],"7":[0,0],"8":[1,0],"9":[1,1],"10":[0,1],"11":[0,0],"12":[0,0]},"inputSourceMap":null,"_coverageSchema":"1a1c01bbd47fc00a2c39e90264f33305004495a9","hash":"61566e8fe3e3072fc52661a9a53d5d69bbc450ce"}
,"D:\\ATLP\\My_brandAPI\\dest\\src\\controllers\\commentController.js": {"path":"D:\\ATLP\\My_brandAPI\\dest\\src\\controllers\\commentController.js","statementMap":{"0":{"start":{"line":2,"column":16},"end":{"line":10,"column":1}},"1":{"start":{"line":3,"column":28},"end":{"line":3,"column":110}},"2":{"start":{"line":3,"column":91},"end":{"line":3,"column":106}},"3":{"start":{"line":4,"column":4},"end":{"line":9,"column":7}},"4":{"start":{"line":5,"column":36},"end":{"line":5,"column":97}},"5":{"start":{"line":5,"column":42},"end":{"line":5,"column":70}},"6":{"start":{"line":5,"column":85},"end":{"line":5,"column":95}},"7":{"start":{"line":6,"column":35},"end":{"line":6,"column":100}},"8":{"start":{"line":6,"column":41},"end":{"line":6,"column":73}},"9":{"start":{"line":6,"column":88},"end":{"line":6,"column":98}},"10":{"start":{"line":7,"column":32},"end":{"line":7,"column":116}},"11":{"start":{"line":8,"column":8},"end":{"line":8,"column":78}},"12":{"start":{"line":11,"column":0},"end":{"line":11,"column":62}},"13":{"start":{"line":12,"column":18},"end":{"line":12,"column":45}},"14":{"start":{"line":13,"column":15},"end":{"line":13,"column":39}},"15":{"start":{"line":14,"column":25},"end":{"line":14,"column":64}},"16":{"start":{"line":15,"column":18},"end":{"line":15,"column":45}},"17":{"start":{"line":18,"column":8},"end":{"line":55,"column":11}},"18":{"start":{"line":19,"column":12},"end":{"line":54,"column":13}},"19":{"start":{"line":20,"column":16},"end":{"line":48,"column":20}},"20":{"start":{"line":20,"column":78},"end":{"line":48,"column":18}},"21":{"start":{"line":21,"column":20},"end":{"line":23,"column":21}},"22":{"start":{"line":22,"column":24},"end":{"line":22,"column":103}},"23":{"start":{"line":24,"column":35},"end":{"line":24,"column":45}},"24":{"start":{"line":25,"column":66},"end":{"line":25,"column":74}},"25":{"start":{"line":26,"column":35},"end":{"line":26,"column":46}},"26":{"start":{"line":28,"column":36},"end":{"line":28,"column":72}},"27":{"start":{"line":29,"column":20},"end":{"line":31,"column":21}},"28":{"start":{"line":30,"column":24},"end":{"line":30,"column":103}},"29":{"start":{"line":33,"column":33},"end":{"line":33,"column":67}},"30":{"start":{"line":34,"column":20},"end":{"line":36,"column":21}},"31":{"start":{"line":35,"column":24},"end":{"line":35,"column":100}},"32":{"start":{"line":37,"column":20},"end":{"line":39,"column":21}},"33":{"start":{"line":38,"column":24},"end":{"line":38,"column":115}},"34":{"start":{"line":40,"column":39},"end":{"line":45,"column":22}},"35":{"start":{"line":46,"column":20},"end":{"line":46,"column":54}},"36":{"start":{"line":47,"column":43},"end":{"line":47,"column":63}},"37":{"start":{"line":49,"column":16},"end":{"line":49,"column":106}},"38":{"start":{"line":52,"column":16},"end":{"line":52,"column":62}},"39":{"start":{"line":53,"column":16},"end":{"line":53,"column":99}},"40":{"start":{"line":58,"column":8},"end":{"line":90,"column":11}},"41":{"start":{"line":59,"column":12},"end":{"line":89,"column":13}},"42":{"start":{"line":61,"column":16},"end":{"line":83,"column":20}},"43":{"start":{"line":61,"column":78},"end":{"line":83,"column":18}},"44":{"start":{"line":62,"column":20},"end":{"line":64,"column":21}},"45":{"start":{"line":63,"column":24},"end":{"line":63,"column":103}},"46":{"start":{"line":65,"column":53},"end":{"line":65,"column":63}},"47":{"start":{"line":66,"column":35},"end":{"line":66,"column":46}},"48":{"start":{"line":68,"column":36},"end":{"line":68,"column":79}},"49":{"start":{"line":69,"column":20},"end":{"line":71,"column":21}},"50":{"start":{"line":70,"column":24},"end":{"line":70,"column":103}},"51":{"start":{"line":73,"column":36},"end":{"line":73,"column":96}},"52":{"start":{"line":73,"column":65},"end":{"line":73,"column":95}},"53":{"start":{"line":74,"column":20},"end":{"line":77,"column":21}},"54":{"start":{"line":75,"column":24},"end":{"line":75,"column":96}},"55":{"start":{"line":76,"column":24},"end":{"line":76,"column":31}},"56":{"start":{"line":78,"column":20},"end":{"line":80,"column":21}},"57":{"start":{"line":79,"column":24},"end":{"line":79,"column":129}},"58":{"start":{"line":81,"column":20},"end":{"line":81,"column":102}},"59":{"start":{"line":81,"column":70},"end":{"line":81,"column":100}},"60":{"start":{"line":82,"column":20},"end":{"line":82,"column":41}},"61":{"start":{"line":84,"column":16},"end":{"line":84,"column":108}},"62":{"start":{"line":87,"column":16},"end":{"line":87,"column":64}},"63":{"start":{"line":88,"column":16},"end":{"line":88,"column":99}},"64":{"start":{"line":93,"column":0},"end":{"line":93,"column":42}}},"fnMap":{"0":{"name":"(anonymous_0)","decl":{"start":{"line":2,"column":44},"end":{"line":2,"column":45}},"loc":{"start":{"line":2,"column":89},"end":{"line":10,"column":1}},"line":2},"1":{"name":"adopt","decl":{"start":{"line":3,"column":13},"end":{"line":3,"column":18}},"loc":{"start":{"line":3,"column":26},"end":{"line":3,"column":112}},"line":3},"2":{"name":"(anonymous_2)","decl":{"start":{"line":3,"column":70},"end":{"line":3,"column":71}},"loc":{"start":{"line":3,"column":89},"end":{"line":3,"column":108}},"line":3},"3":{"name":"(anonymous_3)","decl":{"start":{"line":4,"column":36},"end":{"line":4,"column":37}},"loc":{"start":{"line":4,"column":63},"end":{"line":9,"column":5}},"line":4},"4":{"name":"fulfilled","decl":{"start":{"line":5,"column":17},"end":{"line":5,"column":26}},"loc":{"start":{"line":5,"column":34},"end":{"line":5,"column":99}},"line":5},"5":{"name":"rejected","decl":{"start":{"line":6,"column":17},"end":{"line":6,"column":25}},"loc":{"start":{"line":6,"column":33},"end":{"line":6,"column":102}},"line":6},"6":{"name":"step","decl":{"start":{"line":7,"column":17},"end":{"line":7,"column":21}},"loc":{"start":{"line":7,"column":30},"end":{"line":7,"column":118}},"line":7},"7":{"name":"(anonymous_7)","decl":{"start":{"line":17,"column":4},"end":{"line":17,"column":5}},"loc":{"start":{"line":17,"column":25},"end":{"line":56,"column":5}},"line":17},"8":{"name":"(anonymous_8)","decl":{"start":{"line":18,"column":47},"end":{"line":18,"column":48}},"loc":{"start":{"line":18,"column":60},"end":{"line":55,"column":9}},"line":18},"9":{"name":"(anonymous_9)","decl":{"start":{"line":20,"column":72},"end":{"line":20,"column":73}},"loc":{"start":{"line":20,"column":78},"end":{"line":48,"column":18}},"line":20},"10":{"name":"(anonymous_10)","decl":{"start":{"line":20,"column":110},"end":{"line":20,"column":111}},"loc":{"start":{"line":20,"column":123},"end":{"line":48,"column":17}},"line":20},"11":{"name":"(anonymous_11)","decl":{"start":{"line":57,"column":4},"end":{"line":57,"column":5}},"loc":{"start":{"line":57,"column":28},"end":{"line":91,"column":5}},"line":57},"12":{"name":"(anonymous_12)","decl":{"start":{"line":58,"column":47},"end":{"line":58,"column":48}},"loc":{"start":{"line":58,"column":60},"end":{"line":90,"column":9}},"line":58},"13":{"name":"(anonymous_13)","decl":{"start":{"line":61,"column":72},"end":{"line":61,"column":73}},"loc":{"start":{"line":61,"column":78},"end":{"line":83,"column":18}},"line":61},"14":{"name":"(anonymous_14)","decl":{"start":{"line":61,"column":110},"end":{"line":61,"column":111}},"loc":{"start":{"line":61,"column":123},"end":{"line":83,"column":17}},"line":61},"15":{"name":"(anonymous_15)","decl":{"start":{"line":73,"column":58},"end":{"line":73,"column":59}},"loc":{"start":{"line":73,"column":65},"end":{"line":73,"column":95}},"line":73},"16":{"name":"(anonymous_16)","decl":{"start":{"line":81,"column":63},"end":{"line":81,"column":64}},"loc":{"start":{"line":81,"column":70},"end":{"line":81,"column":100}},"line":81}},"branchMap":{"0":{"loc":{"start":{"line":2,"column":16},"end":{"line":10,"column":1}},"type":"binary-expr","locations":[{"start":{"line":2,"column":17},"end":{"line":2,"column":21}},{"start":{"line":2,"column":25},"end":{"line":2,"column":39}},{"start":{"line":2,"column":44},"end":{"line":10,"column":1}}],"line":2},"1":{"loc":{"start":{"line":3,"column":35},"end":{"line":3,"column":109}},"type":"cond-expr","locations":[{"start":{"line":3,"column":56},"end":{"line":3,"column":61}},{"start":{"line":3,"column":64},"end":{"line":3,"column":109}}],"line":3},"2":{"loc":{"start":{"line":4,"column":16},"end":{"line":4,"column":34}},"type":"binary-expr","locations":[{"start":{"line":4,"column":16},"end":{"line":4,"column":17}},{"start":{"line":4,"column":22},"end":{"line":4,"column":33}}],"line":4},"3":{"loc":{"start":{"line":7,"column":32},"end":{"line":7,"column":115}},"type":"cond-expr","locations":[{"start":{"line":7,"column":46},"end":{"line":7,"column":67}},{"start":{"line":7,"column":70},"end":{"line":7,"column":115}}],"line":7},"4":{"loc":{"start":{"line":8,"column":51},"end":{"line":8,"column":67}},"type":"binary-expr","locations":[{"start":{"line":8,"column":51},"end":{"line":8,"column":61}},{"start":{"line":8,"column":65},"end":{"line":8,"column":67}}],"line":8},"5":{"loc":{"start":{"line":21,"column":20},"end":{"line":23,"column":21}},"type":"if","locations":[{"start":{"line":21,"column":20},"end":{"line":23,"column":21}},{"start":{},"end":{}}],"line":21},"6":{"loc":{"start":{"line":29,"column":20},"end":{"line":31,"column":21}},"type":"if","locations":[{"start":{"line":29,"column":20},"end":{"line":31,"column":21}},{"start":{},"end":{}}],"line":29},"7":{"loc":{"start":{"line":34,"column":20},"end":{"line":36,"column":21}},"type":"if","locations":[{"start":{"line":34,"column":20},"end":{"line":36,"column":21}},{"start":{},"end":{}}],"line":34},"8":{"loc":{"start":{"line":37,"column":20},"end":{"line":39,"column":21}},"type":"if","locations":[{"start":{"line":37,"column":20},"end":{"line":39,"column":21}},{"start":{},"end":{}}],"line":37},"9":{"loc":{"start":{"line":62,"column":20},"end":{"line":64,"column":21}},"type":"if","locations":[{"start":{"line":62,"column":20},"end":{"line":64,"column":21}},{"start":{},"end":{}}],"line":62},"10":{"loc":{"start":{"line":69,"column":20},"end":{"line":71,"column":21}},"type":"if","locations":[{"start":{"line":69,"column":20},"end":{"line":71,"column":21}},{"start":{},"end":{}}],"line":69},"11":{"loc":{"start":{"line":74,"column":20},"end":{"line":77,"column":21}},"type":"if","locations":[{"start":{"line":74,"column":20},"end":{"line":77,"column":21}},{"start":{},"end":{}}],"line":74},"12":{"loc":{"start":{"line":78,"column":20},"end":{"line":80,"column":21}},"type":"if","locations":[{"start":{"line":78,"column":20},"end":{"line":80,"column":21}},{"start":{},"end":{}}],"line":78}},"s":{"0":1,"1":4,"2":2,"3":4,"4":2,"5":2,"6":0,"7":2,"8":2,"9":2,"10":6,"11":4,"12":1,"13":1,"14":1,"15":1,"16":1,"17":1,"18":1,"19":1,"20":1,"21":1,"22":0,"23":1,"24":1,"25":1,"26":1,"27":0,"28":0,"29":0,"30":0,"31":0,"32":0,"33":0,"34":0,"35":0,"36":0,"37":1,"38":0,"39":0,"40":1,"41":1,"42":1,"43":1,"44":1,"45":0,"46":1,"47":1,"48":1,"49":0,"50":0,"51":0,"52":0,"53":0,"54":0,"55":0,"56":0,"57":0,"58":0,"59":0,"60":0,"61":1,"62":0,"63":0,"64":1},"f":{"0":4,"1":4,"2":2,"3":4,"4":2,"5":2,"6":6,"7":1,"8":1,"9":1,"10":1,"11":1,"12":1,"13":1,"14":1,"15":0,"16":0},"b":{"0":[1,1,1],"1":[2,2],"2":[4,4],"3":[2,4],"4":[4,4],"5":[0,1],"6":[0,0],"7":[0,0],"8":[0,0],"9":[0,1],"10":[0,0],"11":[0,0],"12":[0,0]},"inputSourceMap":null,"_coverageSchema":"1a1c01bbd47fc00a2c39e90264f33305004495a9","hash":"e29105ea69a1e2e9c227f7eb6a0af8febe72d04b"}
,"D:\\ATLP\\My_brandAPI\\dest\\src\\controllers\\loginController.js": {"path":"D:\\ATLP\\My_brandAPI\\dest\\src\\controllers\\loginController.js","statementMap":{"0":{"start":{"line":2,"column":16},"end":{"line":10,"column":1}},"1":{"start":{"line":3,"column":28},"end":{"line":3,"column":110}},"2":{"start":{"line":3,"column":91},"end":{"line":3,"column":106}},"3":{"start":{"line":4,"column":4},"end":{"line":9,"column":7}},"4":{"start":{"line":5,"column":36},"end":{"line":5,"column":97}},"5":{"start":{"line":5,"column":42},"end":{"line":5,"column":70}},"6":{"start":{"line":5,"column":85},"end":{"line":5,"column":95}},"7":{"start":{"line":6,"column":35},"end":{"line":6,"column":100}},"8":{"start":{"line":6,"column":41},"end":{"line":6,"column":73}},"9":{"start":{"line":6,"column":88},"end":{"line":6,"column":98}},"10":{"start":{"line":7,"column":32},"end":{"line":7,"column":116}},"11":{"start":{"line":8,"column":8},"end":{"line":8,"column":78}},"12":{"start":{"line":11,"column":22},"end":{"line":13,"column":1}},"13":{"start":{"line":12,"column":4},"end":{"line":12,"column":62}},"14":{"start":{"line":14,"column":0},"end":{"line":14,"column":62}},"15":{"start":{"line":15,"column":15},"end":{"line":15,"column":39}},"16":{"start":{"line":16,"column":19},"end":{"line":16,"column":38}},"17":{"start":{"line":17,"column":23},"end":{"line":17,"column":63}},"18":{"start":{"line":18,"column":17},"end":{"line":18,"column":51}},"19":{"start":{"line":19,"column":0},"end":{"line":19,"column":26}},"20":{"start":{"line":22,"column":8},"end":{"line":45,"column":11}},"21":{"start":{"line":23,"column":12},"end":{"line":44,"column":13}},"22":{"start":{"line":24,"column":44},"end":{"line":24,"column":52}},"23":{"start":{"line":25,"column":33},"end":{"line":25,"column":69}},"24":{"start":{"line":26,"column":16},"end":{"line":28,"column":17}},"25":{"start":{"line":27,"column":20},"end":{"line":27,"column":77}},"26":{"start":{"line":29,"column":16},"end":{"line":39,"column":17}},"27":{"start":{"line":30,"column":42},"end":{"line":30,"column":100}},"28":{"start":{"line":31,"column":20},"end":{"line":33,"column":21}},"29":{"start":{"line":32,"column":24},"end":{"line":32,"column":85}},"30":{"start":{"line":34,"column":34},"end":{"line":34,"column":186}},"31":{"start":{"line":35,"column":20},"end":{"line":35,"column":140}},"32":{"start":{"line":38,"column":20},"end":{"line":38,"column":90}},"33":{"start":{"line":42,"column":16},"end":{"line":42,"column":65}},"34":{"start":{"line":43,"column":16},"end":{"line":43,"column":80}},"35":{"start":{"line":48,"column":0},"end":{"line":48,"column":34}}},"fnMap":{"0":{"name":"(anonymous_0)","decl":{"start":{"line":2,"column":44},"end":{"line":2,"column":45}},"loc":{"start":{"line":2,"column":89},"end":{"line":10,"column":1}},"line":2},"1":{"name":"adopt","decl":{"start":{"line":3,"column":13},"end":{"line":3,"column":18}},"loc":{"start":{"line":3,"column":26},"end":{"line":3,"column":112}},"line":3},"2":{"name":"(anonymous_2)","decl":{"start":{"line":3,"column":70},"end":{"line":3,"column":71}},"loc":{"start":{"line":3,"column":89},"end":{"line":3,"column":108}},"line":3},"3":{"name":"(anonymous_3)","decl":{"start":{"line":4,"column":36},"end":{"line":4,"column":37}},"loc":{"start":{"line":4,"column":63},"end":{"line":9,"column":5}},"line":4},"4":{"name":"fulfilled","decl":{"start":{"line":5,"column":17},"end":{"line":5,"column":26}},"loc":{"start":{"line":5,"column":34},"end":{"line":5,"column":99}},"line":5},"5":{"name":"rejected","decl":{"start":{"line":6,"column":17},"end":{"line":6,"column":25}},"loc":{"start":{"line":6,"column":33},"end":{"line":6,"column":102}},"line":6},"6":{"name":"step","decl":{"start":{"line":7,"column":17},"end":{"line":7,"column":21}},"loc":{"start":{"line":7,"column":30},"end":{"line":7,"column":118}},"line":7},"7":{"name":"(anonymous_7)","decl":{"start":{"line":11,"column":56},"end":{"line":11,"column":57}},"loc":{"start":{"line":11,"column":71},"end":{"line":13,"column":1}},"line":11},"8":{"name":"(anonymous_8)","decl":{"start":{"line":21,"column":4},"end":{"line":21,"column":5}},"loc":{"start":{"line":21,"column":31},"end":{"line":46,"column":5}},"line":21},"9":{"name":"(anonymous_9)","decl":{"start":{"line":22,"column":47},"end":{"line":22,"column":48}},"loc":{"start":{"line":22,"column":60},"end":{"line":45,"column":9}},"line":22}},"branchMap":{"0":{"loc":{"start":{"line":2,"column":16},"end":{"line":10,"column":1}},"type":"binary-expr","locations":[{"start":{"line":2,"column":17},"end":{"line":2,"column":21}},{"start":{"line":2,"column":25},"end":{"line":2,"column":39}},{"start":{"line":2,"column":44},"end":{"line":10,"column":1}}],"line":2},"1":{"loc":{"start":{"line":3,"column":35},"end":{"line":3,"column":109}},"type":"cond-expr","locations":[{"start":{"line":3,"column":56},"end":{"line":3,"column":61}},{"start":{"line":3,"column":64},"end":{"line":3,"column":109}}],"line":3},"2":{"loc":{"start":{"line":4,"column":16},"end":{"line":4,"column":34}},"type":"binary-expr","locations":[{"start":{"line":4,"column":16},"end":{"line":4,"column":17}},{"start":{"line":4,"column":22},"end":{"line":4,"column":33}}],"line":4},"3":{"loc":{"start":{"line":7,"column":32},"end":{"line":7,"column":115}},"type":"cond-expr","locations":[{"start":{"line":7,"column":46},"end":{"line":7,"column":67}},{"start":{"line":7,"column":70},"end":{"line":7,"column":115}}],"line":7},"4":{"loc":{"start":{"line":8,"column":51},"end":{"line":8,"column":67}},"type":"binary-expr","locations":[{"start":{"line":8,"column":51},"end":{"line":8,"column":61}},{"start":{"line":8,"column":65},"end":{"line":8,"column":67}}],"line":8},"5":{"loc":{"start":{"line":11,"column":22},"end":{"line":13,"column":1}},"type":"binary-expr","locations":[{"start":{"line":11,"column":23},"end":{"line":11,"column":27}},{"start":{"line":11,"column":31},"end":{"line":11,"column":51}},{"start":{"line":11,"column":56},"end":{"line":13,"column":1}}],"line":11},"6":{"loc":{"start":{"line":12,"column":11},"end":{"line":12,"column":61}},"type":"cond-expr","locations":[{"start":{"line":12,"column":37},"end":{"line":12,"column":40}},{"start":{"line":12,"column":43},"end":{"line":12,"column":61}}],"line":12},"7":{"loc":{"start":{"line":12,"column":12},"end":{"line":12,"column":33}},"type":"binary-expr","locations":[{"start":{"line":12,"column":12},"end":{"line":12,"column":15}},{"start":{"line":12,"column":19},"end":{"line":12,"column":33}}],"line":12},"8":{"loc":{"start":{"line":26,"column":16},"end":{"line":28,"column":17}},"type":"if","locations":[{"start":{"line":26,"column":16},"end":{"line":28,"column":17}},{"start":{},"end":{}}],"line":26},"9":{"loc":{"start":{"line":29,"column":16},"end":{"line":39,"column":17}},"type":"if","locations":[{"start":{"line":29,"column":16},"end":{"line":39,"column":17}},{"start":{"line":37,"column":21},"end":{"line":39,"column":17}}],"line":29},"10":{"loc":{"start":{"line":31,"column":20},"end":{"line":33,"column":21}},"type":"if","locations":[{"start":{"line":31,"column":20},"end":{"line":33,"column":21}},{"start":{},"end":{}}],"line":31},"11":{"loc":{"start":{"line":34,"column":117},"end":{"line":34,"column":164}},"type":"binary-expr","locations":[{"start":{"line":34,"column":117},"end":{"line":34,"column":139}},{"start":{"line":34,"column":143},"end":{"line":34,"column":164}}],"line":34}},"s":{"0":1,"1":2,"2":1,"3":1,"4":2,"5":2,"6":0,"7":0,"8":0,"9":0,"10":3,"11":1,"12":1,"13":2,"14":1,"15":1,"16":1,"17":1,"18":1,"19":1,"20":1,"21":1,"22":1,"23":1,"24":1,"25":0,"26":1,"27":1,"28":1,"29":0,"30":1,"31":1,"32":0,"33":0,"34":0,"35":1},"f":{"0":1,"1":2,"2":1,"3":1,"4":2,"5":0,"6":3,"7":2,"8":1,"9":1},"b":{"0":[1,1,1],"1":[1,1],"2":[1,1],"3":[1,2],"4":[1,1],"5":[1,1,1],"6":[0,2],"7":[2,2],"8":[0,1],"9":[1,0],"10":[0,1],"11":[1,0]},"inputSourceMap":null,"_coverageSchema":"1a1c01bbd47fc00a2c39e90264f33305004495a9","hash":"ae48479352ff64602cafd766660e48e460f4b66a"}
,"D:\\ATLP\\My_brandAPI\\dest\\src\\controllers\\messageController.js": {"path":"D:\\ATLP\\My_brandAPI\\dest\\src\\controllers\\messageController.js","statementMap":{"0":{"start":{"line":2,"column":16},"end":{"line":10,"column":1}},"1":{"start":{"line":3,"column":28},"end":{"line":3,"column":110}},"2":{"start":{"line":3,"column":91},"end":{"line":3,"column":106}},"3":{"start":{"line":4,"column":4},"end":{"line":9,"column":7}},"4":{"start":{"line":5,"column":36},"end":{"line":5,"column":97}},"5":{"start":{"line":5,"column":42},"end":{"line":5,"column":70}},"6":{"start":{"line":5,"column":85},"end":{"line":5,"column":95}},"7":{"start":{"line":6,"column":35},"end":{"line":6,"column":100}},"8":{"start":{"line":6,"column":41},"end":{"line":6,"column":73}},"9":{"start":{"line":6,"column":88},"end":{"line":6,"column":98}},"10":{"start":{"line":7,"column":32},"end":{"line":7,"column":116}},"11":{"start":{"line":8,"column":8},"end":{"line":8,"column":78}},"12":{"start":{"line":11,"column":0},"end":{"line":11,"column":62}},"13":{"start":{"line":12,"column":18},"end":{"line":12,"column":45}},"14":{"start":{"line":15,"column":8},"end":{"line":25,"column":11}},"15":{"start":{"line":16,"column":12},"end":{"line":24,"column":13}},"16":{"start":{"line":17,"column":61},"end":{"line":17,"column":69}},"17":{"start":{"line":18,"column":32},"end":{"line":18,"column":77}},"18":{"start":{"line":19,"column":16},"end":{"line":19,"column":53}},"19":{"start":{"line":22,"column":16},"end":{"line":22,"column":61}},"20":{"start":{"line":23,"column":16},"end":{"line":23,"column":80}},"21":{"start":{"line":28,"column":8},"end":{"line":37,"column":11}},"22":{"start":{"line":29,"column":12},"end":{"line":36,"column":13}},"23":{"start":{"line":30,"column":33},"end":{"line":30,"column":68}},"24":{"start":{"line":31,"column":16},"end":{"line":31,"column":54}},"25":{"start":{"line":34,"column":16},"end":{"line":34,"column":62}},"26":{"start":{"line":35,"column":16},"end":{"line":35,"column":80}},"27":{"start":{"line":40,"column":0},"end":{"line":40,"column":36}}},"fnMap":{"0":{"name":"(anonymous_0)","decl":{"start":{"line":2,"column":44},"end":{"line":2,"column":45}},"loc":{"start":{"line":2,"column":89},"end":{"line":10,"column":1}},"line":2},"1":{"name":"adopt","decl":{"start":{"line":3,"column":13},"end":{"line":3,"column":18}},"loc":{"start":{"line":3,"column":26},"end":{"line":3,"column":112}},"line":3},"2":{"name":"(anonymous_2)","decl":{"start":{"line":3,"column":70},"end":{"line":3,"column":71}},"loc":{"start":{"line":3,"column":89},"end":{"line":3,"column":108}},"line":3},"3":{"name":"(anonymous_3)","decl":{"start":{"line":4,"column":36},"end":{"line":4,"column":37}},"loc":{"start":{"line":4,"column":63},"end":{"line":9,"column":5}},"line":4},"4":{"name":"fulfilled","decl":{"start":{"line":5,"column":17},"end":{"line":5,"column":26}},"loc":{"start":{"line":5,"column":34},"end":{"line":5,"column":99}},"line":5},"5":{"name":"rejected","decl":{"start":{"line":6,"column":17},"end":{"line":6,"column":25}},"loc":{"start":{"line":6,"column":33},"end":{"line":6,"column":102}},"line":6},"6":{"name":"step","decl":{"start":{"line":7,"column":17},"end":{"line":7,"column":21}},"loc":{"start":{"line":7,"column":30},"end":{"line":7,"column":118}},"line":7},"7":{"name":"(anonymous_7)","decl":{"start":{"line":14,"column":4},"end":{"line":14,"column":5}},"loc":{"start":{"line":14,"column":35},"end":{"line":26,"column":5}},"line":14},"8":{"name":"(anonymous_8)","decl":{"start":{"line":15,"column":47},"end":{"line":15,"column":48}},"loc":{"start":{"line":15,"column":60},"end":{"line":25,"column":9}},"line":15},"9":{"name":"(anonymous_9)","decl":{"start":{"line":27,"column":4},"end":{"line":27,"column":5}},"loc":{"start":{"line":27,"column":37},"end":{"line":38,"column":5}},"line":27},"10":{"name":"(anonymous_10)","decl":{"start":{"line":28,"column":47},"end":{"line":28,"column":48}},"loc":{"start":{"line":28,"column":60},"end":{"line":37,"column":9}},"line":28}},"branchMap":{"0":{"loc":{"start":{"line":2,"column":16},"end":{"line":10,"column":1}},"type":"binary-expr","locations":[{"start":{"line":2,"column":17},"end":{"line":2,"column":21}},{"start":{"line":2,"column":25},"end":{"line":2,"column":39}},{"start":{"line":2,"column":44},"end":{"line":10,"column":1}}],"line":2},"1":{"loc":{"start":{"line":3,"column":35},"end":{"line":3,"column":109}},"type":"cond-expr","locations":[{"start":{"line":3,"column":56},"end":{"line":3,"column":61}},{"start":{"line":3,"column":64},"end":{"line":3,"column":109}}],"line":3},"2":{"loc":{"start":{"line":4,"column":16},"end":{"line":4,"column":34}},"type":"binary-expr","locations":[{"start":{"line":4,"column":16},"end":{"line":4,"column":17}},{"start":{"line":4,"column":22},"end":{"line":4,"column":33}}],"line":4},"3":{"loc":{"start":{"line":7,"column":32},"end":{"line":7,"column":115}},"type":"cond-expr","locations":[{"start":{"line":7,"column":46},"end":{"line":7,"column":67}},{"start":{"line":7,"column":70},"end":{"line":7,"column":115}}],"line":7},"4":{"loc":{"start":{"line":8,"column":51},"end":{"line":8,"column":67}},"type":"binary-expr","locations":[{"start":{"line":8,"column":51},"end":{"line":8,"column":61}},{"start":{"line":8,"column":65},"end":{"line":8,"column":67}}],"line":8}},"s":{"0":1,"1":2,"2":1,"3":2,"4":2,"5":2,"6":0,"7":0,"8":0,"9":0,"10":4,"11":2,"12":1,"13":1,"14":1,"15":1,"16":1,"17":1,"18":1,"19":0,"20":0,"21":1,"22":1,"23":1,"24":1,"25":0,"26":0,"27":1},"f":{"0":2,"1":2,"2":1,"3":2,"4":2,"5":0,"6":4,"7":1,"8":1,"9":1,"10":1},"b":{"0":[1,1,1],"1":[1,1],"2":[2,2],"3":[2,2],"4":[2,2]},"inputSourceMap":null,"_coverageSchema":"1a1c01bbd47fc00a2c39e90264f33305004495a9","hash":"2455fc4949563e1505a0ab8931e2fe1e40d6d2b7"}
,"D:\\ATLP\\My_brandAPI\\dest\\src\\controllers\\userController.js": {"path":"D:\\ATLP\\My_brandAPI\\dest\\src\\controllers\\userController.js","statementMap":{"0":{"start":{"line":2,"column":16},"end":{"line":10,"column":1}},"1":{"start":{"line":3,"column":28},"end":{"line":3,"column":110}},"2":{"start":{"line":3,"column":91},"end":{"line":3,"column":106}},"3":{"start":{"line":4,"column":4},"end":{"line":9,"column":7}},"4":{"start":{"line":5,"column":36},"end":{"line":5,"column":97}},"5":{"start":{"line":5,"column":42},"end":{"line":5,"column":70}},"6":{"start":{"line":5,"column":85},"end":{"line":5,"column":95}},"7":{"start":{"line":6,"column":35},"end":{"line":6,"column":100}},"8":{"start":{"line":6,"column":41},"end":{"line":6,"column":73}},"9":{"start":{"line":6,"column":88},"end":{"line":6,"column":98}},"10":{"start":{"line":7,"column":32},"end":{"line":7,"column":116}},"11":{"start":{"line":8,"column":8},"end":{"line":8,"column":78}},"12":{"start":{"line":11,"column":0},"end":{"line":11,"column":62}},"13":{"start":{"line":12,"column":15},"end":{"line":12,"column":39}},"14":{"start":{"line":13,"column":25},"end":{"line":13,"column":65}},"15":{"start":{"line":16,"column":8},"end":{"line":31,"column":11}},"16":{"start":{"line":17,"column":12},"end":{"line":30,"column":13}},"17":{"start":{"line":18,"column":81},"end":{"line":18,"column":89}},"18":{"start":{"line":19,"column":33},"end":{"line":19,"column":131}},"19":{"start":{"line":20,"column":16},"end":{"line":23,"column":17}},"20":{"start":{"line":21,"column":49},"end":{"line":21,"column":57}},"21":{"start":{"line":22,"column":20},"end":{"line":22,"column":86}},"22":{"start":{"line":24,"column":29},"end":{"line":24,"column":63}},"23":{"start":{"line":25,"column":16},"end":{"line":25,"column":79}},"24":{"start":{"line":28,"column":16},"end":{"line":28,"column":61}},"25":{"start":{"line":29,"column":16},"end":{"line":29,"column":99}},"26":{"start":{"line":34,"column":8},"end":{"line":43,"column":11}},"27":{"start":{"line":35,"column":12},"end":{"line":42,"column":13}},"28":{"start":{"line":36,"column":30},"end":{"line":36,"column":74}},"29":{"start":{"line":37,"column":16},"end":{"line":37,"column":80}},"30":{"start":{"line":40,"column":16},"end":{"line":40,"column":62}},"31":{"start":{"line":41,"column":16},"end":{"line":41,"column":99}},"32":{"start":{"line":46,"column":8},"end":{"line":66,"column":11}},"33":{"start":{"line":47,"column":12},"end":{"line":65,"column":13}},"34":{"start":{"line":48,"column":31},"end":{"line":48,"column":48}},"35":{"start":{"line":49,"column":81},"end":{"line":49,"column":89}},"36":{"start":{"line":51,"column":40},"end":{"line":51,"column":145}},"37":{"start":{"line":52,"column":16},"end":{"line":55,"column":17}},"38":{"start":{"line":53,"column":49},"end":{"line":53,"column":64}},"39":{"start":{"line":54,"column":20},"end":{"line":54,"column":86}},"40":{"start":{"line":56,"column":36},"end":{"line":56,"column":111}},"41":{"start":{"line":57,"column":16},"end":{"line":59,"column":17}},"42":{"start":{"line":58,"column":20},"end":{"line":58,"column":93}},"43":{"start":{"line":60,"column":16},"end":{"line":60,"column":86}},"44":{"start":{"line":63,"column":16},"end":{"line":63,"column":61}},"45":{"start":{"line":64,"column":16},"end":{"line":64,"column":80}},"46":{"start":{"line":69,"column":8},"end":{"line":83,"column":11}},"47":{"start":{"line":70,"column":12},"end":{"line":82,"column":13}},"48":{"start":{"line":71,"column":31},"end":{"line":71,"column":48}},"49":{"start":{"line":73,"column":36},"end":{"line":73,"column":79}},"50":{"start":{"line":74,"column":16},"end":{"line":76,"column":17}},"51":{"start":{"line":75,"column":20},"end":{"line":75,"column":93}},"52":{"start":{"line":77,"column":16},"end":{"line":77,"column":105}},"53":{"start":{"line":80,"column":16},"end":{"line":80,"column":85}},"54":{"start":{"line":81,"column":16},"end":{"line":81,"column":80}},"55":{"start":{"line":86,"column":0},"end":{"line":86,"column":33}}},"fnMap":{"0":{"name":"(anonymous_0)","decl":{"start":{"line":2,"column":44},"end":{"line":2,"column":45}},"loc":{"start":{"line":2,"column":89},"end":{"line":10,"column":1}},"line":2},"1":{"name":"adopt","decl":{"start":{"line":3,"column":13},"end":{"line":3,"column":18}},"loc":{"start":{"line":3,"column":26},"end":{"line":3,"column":112}},"line":3},"2":{"name":"(anonymous_2)","decl":{"start":{"line":3,"column":70},"end":{"line":3,"column":71}},"loc":{"start":{"line":3,"column":89},"end":{"line":3,"column":108}},"line":3},"3":{"name":"(anonymous_3)","decl":{"start":{"line":4,"column":36},"end":{"line":4,"column":37}},"loc":{"start":{"line":4,"column":63},"end":{"line":9,"column":5}},"line":4},"4":{"name":"fulfilled","decl":{"start":{"line":5,"column":17},"end":{"line":5,"column":26}},"loc":{"start":{"line":5,"column":34},"end":{"line":5,"column":99}},"line":5},"5":{"name":"rejected","decl":{"start":{"line":6,"column":17},"end":{"line":6,"column":25}},"loc":{"start":{"line":6,"column":33},"end":{"line":6,"column":102}},"line":6},"6":{"name":"step","decl":{"start":{"line":7,"column":17},"end":{"line":7,"column":21}},"loc":{"start":{"line":7,"column":30},"end":{"line":7,"column":118}},"line":7},"7":{"name":"(anonymous_7)","decl":{"start":{"line":15,"column":4},"end":{"line":15,"column":5}},"loc":{"start":{"line":15,"column":28},"end":{"line":32,"column":5}},"line":15},"8":{"name":"(anonymous_8)","decl":{"start":{"line":16,"column":47},"end":{"line":16,"column":48}},"loc":{"start":{"line":16,"column":60},"end":{"line":31,"column":9}},"line":16},"9":{"name":"(anonymous_9)","decl":{"start":{"line":33,"column":4},"end":{"line":33,"column":5}},"loc":{"start":{"line":33,"column":34},"end":{"line":44,"column":5}},"line":33},"10":{"name":"(anonymous_10)","decl":{"start":{"line":34,"column":47},"end":{"line":34,"column":48}},"loc":{"start":{"line":34,"column":60},"end":{"line":43,"column":9}},"line":34},"11":{"name":"(anonymous_11)","decl":{"start":{"line":45,"column":4},"end":{"line":45,"column":5}},"loc":{"start":{"line":45,"column":32},"end":{"line":67,"column":5}},"line":45},"12":{"name":"(anonymous_12)","decl":{"start":{"line":46,"column":47},"end":{"line":46,"column":48}},"loc":{"start":{"line":46,"column":60},"end":{"line":66,"column":9}},"line":46},"13":{"name":"(anonymous_13)","decl":{"start":{"line":68,"column":4},"end":{"line":68,"column":5}},"loc":{"start":{"line":68,"column":32},"end":{"line":84,"column":5}},"line":68},"14":{"name":"(anonymous_14)","decl":{"start":{"line":69,"column":47},"end":{"line":69,"column":48}},"loc":{"start":{"line":69,"column":60},"end":{"line":83,"column":9}},"line":69}},"branchMap":{"0":{"loc":{"start":{"line":2,"column":16},"end":{"line":10,"column":1}},"type":"binary-expr","locations":[{"start":{"line":2,"column":17},"end":{"line":2,"column":21}},{"start":{"line":2,"column":25},"end":{"line":2,"column":39}},{"start":{"line":2,"column":44},"end":{"line":10,"column":1}}],"line":2},"1":{"loc":{"start":{"line":3,"column":35},"end":{"line":3,"column":109}},"type":"cond-expr","locations":[{"start":{"line":3,"column":56},"end":{"line":3,"column":61}},{"start":{"line":3,"column":64},"end":{"line":3,"column":109}}],"line":3},"2":{"loc":{"start":{"line":4,"column":16},"end":{"line":4,"column":34}},"type":"binary-expr","locations":[{"start":{"line":4,"column":16},"end":{"line":4,"column":17}},{"start":{"line":4,"column":22},"end":{"line":4,"column":33}}],"line":4},"3":{"loc":{"start":{"line":7,"column":32},"end":{"line":7,"column":115}},"type":"cond-expr","locations":[{"start":{"line":7,"column":46},"end":{"line":7,"column":67}},{"start":{"line":7,"column":70},"end":{"line":7,"column":115}}],"line":7},"4":{"loc":{"start":{"line":8,"column":51},"end":{"line":8,"column":67}},"type":"binary-expr","locations":[{"start":{"line":8,"column":51},"end":{"line":8,"column":61}},{"start":{"line":8,"column":65},"end":{"line":8,"column":67}}],"line":8},"5":{"loc":{"start":{"line":20,"column":16},"end":{"line":23,"column":17}},"type":"if","locations":[{"start":{"line":20,"column":16},"end":{"line":23,"column":17}},{"start":{},"end":{}}],"line":20},"6":{"loc":{"start":{"line":52,"column":16},"end":{"line":55,"column":17}},"type":"if","locations":[{"start":{"line":52,"column":16},"end":{"line":55,"column":17}},{"start":{},"end":{}}],"line":52},"7":{"loc":{"start":{"line":57,"column":16},"end":{"line":59,"column":17}},"type":"if","locations":[{"start":{"line":57,"column":16},"end":{"line":59,"column":17}},{"start":{},"end":{}}],"line":57},"8":{"loc":{"start":{"line":74,"column":16},"end":{"line":76,"column":17}},"type":"if","locations":[{"start":{"line":74,"column":16},"end":{"line":76,"column":17}},{"start":{},"end":{}}],"line":74}},"s":{"0":1,"1":6,"2":3,"3":4,"4":6,"5":6,"6":0,"7":0,"8":0,"9":0,"10":10,"11":4,"12":1,"13":1,"14":1,"15":1,"16":1,"17":1,"18":1,"19":1,"20":0,"21":0,"22":1,"23":1,"24":0,"25":0,"26":1,"27":1,"28":1,"29":1,"30":0,"31":0,"32":1,"33":1,"34":1,"35":1,"36":1,"37":1,"38":0,"39":0,"40":1,"41":1,"42":0,"43":1,"44":0,"45":0,"46":1,"47":1,"48":1,"49":1,"50":1,"51":0,"52":1,"53":0,"54":0,"55":1},"f":{"0":4,"1":6,"2":3,"3":4,"4":6,"5":0,"6":10,"7":1,"8":1,"9":1,"10":1,"11":1,"12":1,"13":1,"14":1},"b":{"0":[1,1,1],"1":[3,3],"2":[4,4],"3":[4,6],"4":[4,4],"5":[0,1],"6":[0,1],"7":[0,1],"8":[0,1]},"inputSourceMap":null,"_coverageSchema":"1a1c01bbd47fc00a2c39e90264f33305004495a9","hash":"33390c2223d954b130b7490489c57d46efbc3c4d"}
,"D:\\ATLP\\My_brandAPI\\dest\\src\\database\\dbconnect.js": {"path":"D:\\ATLP\\My_brandAPI\\dest\\src\\database\\dbconnect.js","statementMap":{"0":{"start":{"line":2,"column":16},"end":{"line":10,"column":1}},"1":{"start":{"line":3,"column":28},"end":{"line":3,"column":110}},"2":{"start":{"line":3,"column":91},"end":{"line":3,"column":106}},"3":{"start":{"line":4,"column":4},"end":{"line":9,"column":7}},"4":{"start":{"line":5,"column":36},"end":{"line":5,"column":97}},"5":{"start":{"line":5,"column":42},"end":{"line":5,"column":70}},"6":{"start":{"line":5,"column":85},"end":{"line":5,"column":95}},"7":{"start":{"line":6,"column":35},"end":{"line":6,"column":100}},"8":{"start":{"line":6,"column":41},"end":{"line":6,"column":73}},"9":{"start":{"line":6,"column":88},"end":{"line":6,"column":98}},"10":{"start":{"line":7,"column":32},"end":{"line":7,"column":116}},"11":{"start":{"line":8,"column":8},"end":{"line":8,"column":78}},"12":{"start":{"line":11,"column":22},"end":{"line":13,"column":1}},"13":{"start":{"line":12,"column":4},"end":{"line":12,"column":62}},"14":{"start":{"line":14,"column":0},"end":{"line":14,"column":62}},"15":{"start":{"line":15,"column":19},"end":{"line":15,"column":55}},"16":{"start":{"line":16,"column":17},"end":{"line":16,"column":51}},"17":{"start":{"line":17,"column":0},"end":{"line":17,"column":45}},"18":{"start":{"line":18,"column":0},"end":{"line":18,"column":26}},"19":{"start":{"line":19,"column":18},"end":{"line":27,"column":2}},"20":{"start":{"line":19,"column":24},"end":{"line":27,"column":2}},"21":{"start":{"line":20,"column":4},"end":{"line":26,"column":5}},"22":{"start":{"line":21,"column":8},"end":{"line":21,"column":119}},"23":{"start":{"line":22,"column":8},"end":{"line":22,"column":43}},"24":{"start":{"line":25,"column":8},"end":{"line":25,"column":44}},"25":{"start":{"line":28,"column":0},"end":{"line":28,"column":28}}},"fnMap":{"0":{"name":"(anonymous_0)","decl":{"start":{"line":2,"column":44},"end":{"line":2,"column":45}},"loc":{"start":{"line":2,"column":89},"end":{"line":10,"column":1}},"line":2},"1":{"name":"adopt","decl":{"start":{"line":3,"column":13},"end":{"line":3,"column":18}},"loc":{"start":{"line":3,"column":26},"end":{"line":3,"column":112}},"line":3},"2":{"name":"(anonymous_2)","decl":{"start":{"line":3,"column":70},"end":{"line":3,"column":71}},"loc":{"start":{"line":3,"column":89},"end":{"line":3,"column":108}},"line":3},"3":{"name":"(anonymous_3)","decl":{"start":{"line":4,"column":36},"end":{"line":4,"column":37}},"loc":{"start":{"line":4,"column":63},"end":{"line":9,"column":5}},"line":4},"4":{"name":"fulfilled","decl":{"start":{"line":5,"column":17},"end":{"line":5,"column":26}},"loc":{"start":{"line":5,"column":34},"end":{"line":5,"column":99}},"line":5},"5":{"name":"rejected","decl":{"start":{"line":6,"column":17},"end":{"line":6,"column":25}},"loc":{"start":{"line":6,"column":33},"end":{"line":6,"column":102}},"line":6},"6":{"name":"step","decl":{"start":{"line":7,"column":17},"end":{"line":7,"column":21}},"loc":{"start":{"line":7,"column":30},"end":{"line":7,"column":118}},"line":7},"7":{"name":"(anonymous_7)","decl":{"start":{"line":11,"column":56},"end":{"line":11,"column":57}},"loc":{"start":{"line":11,"column":71},"end":{"line":13,"column":1}},"line":11},"8":{"name":"(anonymous_8)","decl":{"start":{"line":19,"column":18},"end":{"line":19,"column":19}},"loc":{"start":{"line":19,"column":24},"end":{"line":27,"column":2}},"line":19},"9":{"name":"(anonymous_9)","decl":{"start":{"line":19,"column":58},"end":{"line":19,"column":59}},"loc":{"start":{"line":19,"column":71},"end":{"line":27,"column":1}},"line":19}},"branchMap":{"0":{"loc":{"start":{"line":2,"column":16},"end":{"line":10,"column":1}},"type":"binary-expr","locations":[{"start":{"line":2,"column":17},"end":{"line":2,"column":21}},{"start":{"line":2,"column":25},"end":{"line":2,"column":39}},{"start":{"line":2,"column":44},"end":{"line":10,"column":1}}],"line":2},"1":{"loc":{"start":{"line":3,"column":35},"end":{"line":3,"column":109}},"type":"cond-expr","locations":[{"start":{"line":3,"column":56},"end":{"line":3,"column":61}},{"start":{"line":3,"column":64},"end":{"line":3,"column":109}}],"line":3},"2":{"loc":{"start":{"line":4,"column":16},"end":{"line":4,"column":34}},"type":"binary-expr","locations":[{"start":{"line":4,"column":16},"end":{"line":4,"column":17}},{"start":{"line":4,"column":22},"end":{"line":4,"column":33}}],"line":4},"3":{"loc":{"start":{"line":7,"column":32},"end":{"line":7,"column":115}},"type":"cond-expr","locations":[{"start":{"line":7,"column":46},"end":{"line":7,"column":67}},{"start":{"line":7,"column":70},"end":{"line":7,"column":115}}],"line":7},"4":{"loc":{"start":{"line":8,"column":51},"end":{"line":8,"column":67}},"type":"binary-expr","locations":[{"start":{"line":8,"column":51},"end":{"line":8,"column":61}},{"start":{"line":8,"column":65},"end":{"line":8,"column":67}}],"line":8},"5":{"loc":{"start":{"line":11,"column":22},"end":{"line":13,"column":1}},"type":"binary-expr","locations":[{"start":{"line":11,"column":23},"end":{"line":11,"column":27}},{"start":{"line":11,"column":31},"end":{"line":11,"column":51}},{"start":{"line":11,"column":56},"end":{"line":13,"column":1}}],"line":11},"6":{"loc":{"start":{"line":12,"column":11},"end":{"line":12,"column":61}},"type":"cond-expr","locations":[{"start":{"line":12,"column":37},"end":{"line":12,"column":40}},{"start":{"line":12,"column":43},"end":{"line":12,"column":61}}],"line":12},"7":{"loc":{"start":{"line":12,"column":12},"end":{"line":12,"column":33}},"type":"binary-expr","locations":[{"start":{"line":12,"column":12},"end":{"line":12,"column":15}},{"start":{"line":12,"column":19},"end":{"line":12,"column":33}}],"line":12}},"s":{"0":1,"1":1,"2":0,"3":1,"4":1,"5":1,"6":0,"7":0,"8":0,"9":0,"10":2,"11":1,"12":1,"13":2,"14":1,"15":1,"16":1,"17":1,"18":1,"19":1,"20":1,"21":1,"22":1,"23":1,"24":0,"25":1},"f":{"0":1,"1":1,"2":0,"3":1,"4":1,"5":0,"6":2,"7":2,"8":1,"9":1},"b":{"0":[1,1,1],"1":[1,0],"2":[1,1],"3":[1,1],"4":[1,1],"5":[1,1,1],"6":[0,2],"7":[2,2]},"inputSourceMap":null,"_coverageSchema":"1a1c01bbd47fc00a2c39e90264f33305004495a9","hash":"10d44be1b829e94d982c6cd46497c5e1a8cff99a"}
,"D:\\ATLP\\My_brandAPI\\dest\\src\\middleware\\authMiddleware.js": {"path":"D:\\ATLP\\My_brandAPI\\dest\\src\\middleware\\authMiddleware.js","statementMap":{"0":{"start":{"line":2,"column":16},"end":{"line":10,"column":1}},"1":{"start":{"line":3,"column":28},"end":{"line":3,"column":110}},"2":{"start":{"line":3,"column":91},"end":{"line":3,"column":106}},"3":{"start":{"line":4,"column":4},"end":{"line":9,"column":7}},"4":{"start":{"line":5,"column":36},"end":{"line":5,"column":97}},"5":{"start":{"line":5,"column":42},"end":{"line":5,"column":70}},"6":{"start":{"line":5,"column":85},"end":{"line":5,"column":95}},"7":{"start":{"line":6,"column":35},"end":{"line":6,"column":100}},"8":{"start":{"line":6,"column":41},"end":{"line":6,"column":73}},"9":{"start":{"line":6,"column":88},"end":{"line":6,"column":98}},"10":{"start":{"line":7,"column":32},"end":{"line":7,"column":116}},"11":{"start":{"line":8,"column":8},"end":{"line":8,"column":78}},"12":{"start":{"line":11,"column":22},"end":{"line":13,"column":1}},"13":{"start":{"line":12,"column":4},"end":{"line":12,"column":62}},"14":{"start":{"line":14,"column":0},"end":{"line":14,"column":62}},"15":{"start":{"line":15,"column":0},"end":{"line":15,"column":63}},"16":{"start":{"line":16,"column":23},"end":{"line":16,"column":63}},"17":{"start":{"line":17,"column":15},"end":{"line":17,"column":39}},"18":{"start":{"line":18,"column":17},"end":{"line":18,"column":51}},"19":{"start":{"line":19,"column":0},"end":{"line":19,"column":26}},"20":{"start":{"line":21,"column":4},"end":{"line":50,"column":7}},"21":{"start":{"line":22,"column":8},"end":{"line":49,"column":9}},"22":{"start":{"line":23,"column":31},"end":{"line":23,"column":58}},"23":{"start":{"line":24,"column":12},"end":{"line":25,"column":76}},"24":{"start":{"line":25,"column":16},"end":{"line":25,"column":76}},"25":{"start":{"line":26,"column":26},"end":{"line":26,"column":59}},"26":{"start":{"line":27,"column":12},"end":{"line":29,"column":13}},"27":{"start":{"line":28,"column":16},"end":{"line":28,"column":91}},"28":{"start":{"line":30,"column":12},"end":{"line":44,"column":16}},"29":{"start":{"line":30,"column":121},"end":{"line":44,"column":14}},"30":{"start":{"line":31,"column":16},"end":{"line":34,"column":17}},"31":{"start":{"line":32,"column":20},"end":{"line":32,"column":65}},"32":{"start":{"line":33,"column":20},"end":{"line":33,"column":92}},"33":{"start":{"line":36,"column":31},"end":{"line":36,"column":50}},"34":{"start":{"line":38,"column":29},"end":{"line":38,"column":63}},"35":{"start":{"line":39,"column":16},"end":{"line":41,"column":17}},"36":{"start":{"line":40,"column":20},"end":{"line":40,"column":77}},"37":{"start":{"line":42,"column":16},"end":{"line":42,"column":32}},"38":{"start":{"line":43,"column":16},"end":{"line":43,"column":23}},"39":{"start":{"line":47,"column":12},"end":{"line":47,"column":71}},"40":{"start":{"line":48,"column":12},"end":{"line":48,"column":92}},"41":{"start":{"line":52,"column":0},"end":{"line":52,"column":46}},"42":{"start":{"line":54,"column":4},"end":{"line":70,"column":7}},"43":{"start":{"line":55,"column":8},"end":{"line":69,"column":9}},"44":{"start":{"line":57,"column":12},"end":{"line":59,"column":13}},"45":{"start":{"line":58,"column":16},"end":{"line":58,"column":95}},"46":{"start":{"line":61,"column":12},"end":{"line":63,"column":13}},"47":{"start":{"line":62,"column":16},"end":{"line":62,"column":80}},"48":{"start":{"line":64,"column":12},"end":{"line":64,"column":19}},"49":{"start":{"line":67,"column":12},"end":{"line":67,"column":71}},"50":{"start":{"line":68,"column":12},"end":{"line":68,"column":76}},"51":{"start":{"line":72,"column":0},"end":{"line":72,"column":46}}},"fnMap":{"0":{"name":"(anonymous_0)","decl":{"start":{"line":2,"column":44},"end":{"line":2,"column":45}},"loc":{"start":{"line":2,"column":89},"end":{"line":10,"column":1}},"line":2},"1":{"name":"adopt","decl":{"start":{"line":3,"column":13},"end":{"line":3,"column":18}},"loc":{"start":{"line":3,"column":26},"end":{"line":3,"column":112}},"line":3},"2":{"name":"(anonymous_2)","decl":{"start":{"line":3,"column":70},"end":{"line":3,"column":71}},"loc":{"start":{"line":3,"column":89},"end":{"line":3,"column":108}},"line":3},"3":{"name":"(anonymous_3)","decl":{"start":{"line":4,"column":36},"end":{"line":4,"column":37}},"loc":{"start":{"line":4,"column":63},"end":{"line":9,"column":5}},"line":4},"4":{"name":"fulfilled","decl":{"start":{"line":5,"column":17},"end":{"line":5,"column":26}},"loc":{"start":{"line":5,"column":34},"end":{"line":5,"column":99}},"line":5},"5":{"name":"rejected","decl":{"start":{"line":6,"column":17},"end":{"line":6,"column":25}},"loc":{"start":{"line":6,"column":33},"end":{"line":6,"column":102}},"line":6},"6":{"name":"step","decl":{"start":{"line":7,"column":17},"end":{"line":7,"column":21}},"loc":{"start":{"line":7,"column":30},"end":{"line":7,"column":118}},"line":7},"7":{"name":"(anonymous_7)","decl":{"start":{"line":11,"column":56},"end":{"line":11,"column":57}},"loc":{"start":{"line":11,"column":71},"end":{"line":13,"column":1}},"line":11},"8":{"name":"authenticateToken","decl":{"start":{"line":20,"column":9},"end":{"line":20,"column":26}},"loc":{"start":{"line":20,"column":43},"end":{"line":51,"column":1}},"line":20},"9":{"name":"(anonymous_9)","decl":{"start":{"line":21,"column":43},"end":{"line":21,"column":44}},"loc":{"start":{"line":21,"column":56},"end":{"line":50,"column":5}},"line":21},"10":{"name":"(anonymous_10)","decl":{"start":{"line":30,"column":98},"end":{"line":30,"column":99}},"loc":{"start":{"line":30,"column":121},"end":{"line":44,"column":14}},"line":30},"11":{"name":"(anonymous_11)","decl":{"start":{"line":30,"column":153},"end":{"line":30,"column":154}},"loc":{"start":{"line":30,"column":166},"end":{"line":44,"column":13}},"line":30},"12":{"name":"authenticateAdmin","decl":{"start":{"line":53,"column":9},"end":{"line":53,"column":26}},"loc":{"start":{"line":53,"column":43},"end":{"line":71,"column":1}},"line":53},"13":{"name":"(anonymous_13)","decl":{"start":{"line":54,"column":43},"end":{"line":54,"column":44}},"loc":{"start":{"line":54,"column":56},"end":{"line":70,"column":5}},"line":54}},"branchMap":{"0":{"loc":{"start":{"line":2,"column":16},"end":{"line":10,"column":1}},"type":"binary-expr","locations":[{"start":{"line":2,"column":17},"end":{"line":2,"column":21}},{"start":{"line":2,"column":25},"end":{"line":2,"column":39}},{"start":{"line":2,"column":44},"end":{"line":10,"column":1}}],"line":2},"1":{"loc":{"start":{"line":3,"column":35},"end":{"line":3,"column":109}},"type":"cond-expr","locations":[{"start":{"line":3,"column":56},"end":{"line":3,"column":61}},{"start":{"line":3,"column":64},"end":{"line":3,"column":109}}],"line":3},"2":{"loc":{"start":{"line":4,"column":16},"end":{"line":4,"column":34}},"type":"binary-expr","locations":[{"start":{"line":4,"column":16},"end":{"line":4,"column":17}},{"start":{"line":4,"column":22},"end":{"line":4,"column":33}}],"line":4},"3":{"loc":{"start":{"line":7,"column":32},"end":{"line":7,"column":115}},"type":"cond-expr","locations":[{"start":{"line":7,"column":46},"end":{"line":7,"column":67}},{"start":{"line":7,"column":70},"end":{"line":7,"column":115}}],"line":7},"4":{"loc":{"start":{"line":8,"column":51},"end":{"line":8,"column":67}},"type":"binary-expr","locations":[{"start":{"line":8,"column":51},"end":{"line":8,"column":61}},{"start":{"line":8,"column":65},"end":{"line":8,"column":67}}],"line":8},"5":{"loc":{"start":{"line":11,"column":22},"end":{"line":13,"column":1}},"type":"binary-expr","locations":[{"start":{"line":11,"column":23},"end":{"line":11,"column":27}},{"start":{"line":11,"column":31},"end":{"line":11,"column":51}},{"start":{"line":11,"column":56},"end":{"line":13,"column":1}}],"line":11},"6":{"loc":{"start":{"line":12,"column":11},"end":{"line":12,"column":61}},"type":"cond-expr","locations":[{"start":{"line":12,"column":37},"end":{"line":12,"column":40}},{"start":{"line":12,"column":43},"end":{"line":12,"column":61}}],"line":12},"7":{"loc":{"start":{"line":12,"column":12},"end":{"line":12,"column":33}},"type":"binary-expr","locations":[{"start":{"line":12,"column":12},"end":{"line":12,"column":15}},{"start":{"line":12,"column":19},"end":{"line":12,"column":33}}],"line":12},"8":{"loc":{"start":{"line":24,"column":12},"end":{"line":25,"column":76}},"type":"if","locations":[{"start":{"line":24,"column":12},"end":{"line":25,"column":76}},{"start":{},"end":{}}],"line":24},"9":{"loc":{"start":{"line":27,"column":12},"end":{"line":29,"column":13}},"type":"if","locations":[{"start":{"line":27,"column":12},"end":{"line":29,"column":13}},{"start":{},"end":{}}],"line":27},"10":{"loc":{"start":{"line":30,"column":49},"end":{"line":30,"column":96}},"type":"binary-expr","locations":[{"start":{"line":30,"column":49},"end":{"line":30,"column":71}},{"start":{"line":30,"column":75},"end":{"line":30,"column":96}}],"line":30},"11":{"loc":{"start":{"line":31,"column":16},"end":{"line":34,"column":17}},"type":"if","locations":[{"start":{"line":31,"column":16},"end":{"line":34,"column":17}},{"start":{},"end":{}}],"line":31},"12":{"loc":{"start":{"line":39,"column":16},"end":{"line":41,"column":17}},"type":"if","locations":[{"start":{"line":39,"column":16},"end":{"line":41,"column":17}},{"start":{},"end":{}}],"line":39},"13":{"loc":{"start":{"line":57,"column":12},"end":{"line":59,"column":13}},"type":"if","locations":[{"start":{"line":57,"column":12},"end":{"line":59,"column":13}},{"start":{},"end":{}}],"line":57},"14":{"loc":{"start":{"line":61,"column":12},"end":{"line":63,"column":13}},"type":"if","locations":[{"start":{"line":61,"column":12},"end":{"line":63,"column":13}},{"start":{},"end":{}}],"line":61}},"s":{"0":1,"1":10,"2":10,"3":27,"4":10,"5":10,"6":0,"7":0,"8":0,"9":0,"10":37,"11":27,"12":1,"13":2,"14":1,"15":1,"16":1,"17":1,"18":1,"19":1,"20":10,"21":10,"22":10,"23":10,"24":0,"25":10,"26":10,"27":0,"28":10,"29":10,"30":10,"31":0,"32":0,"33":10,"34":10,"35":10,"36":0,"37":10,"38":10,"39":0,"40":0,"41":1,"42":7,"43":7,"44":7,"45":0,"46":7,"47":0,"48":7,"49":0,"50":0,"51":1},"f":{"0":27,"1":10,"2":10,"3":27,"4":10,"5":0,"6":37,"7":2,"8":10,"9":10,"10":10,"11":10,"12":7,"13":7},"b":{"0":[1,1,1],"1":[0,10],"2":[27,27],"3":[27,10],"4":[27,27],"5":[1,1,1],"6":[0,2],"7":[2,2],"8":[0,10],"9":[0,10],"10":[10,0],"11":[0,10],"12":[0,10],"13":[0,7],"14":[0,7]},"inputSourceMap":null,"_coverageSchema":"1a1c01bbd47fc00a2c39e90264f33305004495a9","hash":"a171f4364773cd018c0e5e065d81b641ace54aad"}
,"D:\\ATLP\\My_brandAPI\\dest\\src\\middleware\\uploadMiddleware.js": {"path":"D:\\ATLP\\My_brandAPI\\dest\\src\\middleware\\uploadMiddleware.js","statementMap":{"0":{"start":{"line":2,"column":22},"end":{"line":4,"column":1}},"1":{"start":{"line":3,"column":4},"end":{"line":3,"column":62}},"2":{"start":{"line":5,"column":0},"end":{"line":5,"column":62}},"3":{"start":{"line":6,"column":0},"end":{"line":6,"column":24}},"4":{"start":{"line":7,"column":17},"end":{"line":7,"column":51}},"5":{"start":{"line":8,"column":13},"end":{"line":8,"column":28}},"6":{"start":{"line":9,"column":25},"end":{"line":9,"column":34}},"7":{"start":{"line":10,"column":16},"end":{"line":18,"column":2}},"8":{"start":{"line":12,"column":27},"end":{"line":12,"column":69}},"9":{"start":{"line":13,"column":8},"end":{"line":13,"column":29}},"10":{"start":{"line":16,"column":8},"end":{"line":16,"column":55}},"11":{"start":{"line":19,"column":15},"end":{"line":19,"column":49}},"12":{"start":{"line":20,"column":0},"end":{"line":20,"column":24}}},"fnMap":{"0":{"name":"(anonymous_0)","decl":{"start":{"line":2,"column":56},"end":{"line":2,"column":57}},"loc":{"start":{"line":2,"column":71},"end":{"line":4,"column":1}},"line":2},"1":{"name":"(anonymous_1)","decl":{"start":{"line":11,"column":17},"end":{"line":11,"column":18}},"loc":{"start":{"line":11,"column":36},"end":{"line":14,"column":5}},"line":11},"2":{"name":"(anonymous_2)","decl":{"start":{"line":15,"column":14},"end":{"line":15,"column":15}},"loc":{"start":{"line":15,"column":33},"end":{"line":17,"column":5}},"line":15}},"branchMap":{"0":{"loc":{"start":{"line":2,"column":22},"end":{"line":4,"column":1}},"type":"binary-expr","locations":[{"start":{"line":2,"column":23},"end":{"line":2,"column":27}},{"start":{"line":2,"column":31},"end":{"line":2,"column":51}},{"start":{"line":2,"column":56},"end":{"line":4,"column":1}}],"line":2},"1":{"loc":{"start":{"line":3,"column":11},"end":{"line":3,"column":61}},"type":"cond-expr","locations":[{"start":{"line":3,"column":37},"end":{"line":3,"column":40}},{"start":{"line":3,"column":43},"end":{"line":3,"column":61}}],"line":3},"2":{"loc":{"start":{"line":3,"column":12},"end":{"line":3,"column":33}},"type":"binary-expr","locations":[{"start":{"line":3,"column":12},"end":{"line":3,"column":15}},{"start":{"line":3,"column":19},"end":{"line":3,"column":33}}],"line":3}},"s":{"0":1,"1":1,"2":1,"3":1,"4":1,"5":1,"6":1,"7":1,"8":1,"9":1,"10":1,"11":1,"12":1},"f":{"0":1,"1":1,"2":1},"b":{"0":[1,1,1],"1":[0,1],"2":[1,1]},"inputSourceMap":null,"_coverageSchema":"1a1c01bbd47fc00a2c39e90264f33305004495a9","hash":"777d57f33b28f304954106b2c7eb679284f866de"}
,"D:\\ATLP\\My_brandAPI\\dest\\src\\model\\article.js": {"path":"D:\\ATLP\\My_brandAPI\\dest\\src\\model\\article.js","statementMap":{"0":{"start":{"line":2,"column":22},"end":{"line":4,"column":1}},"1":{"start":{"line":3,"column":4},"end":{"line":3,"column":62}},"2":{"start":{"line":5,"column":0},"end":{"line":5,"column":62}},"3":{"start":{"line":6,"column":0},"end":{"line":6,"column":49}},"4":{"start":{"line":7,"column":19},"end":{"line":7,"column":55}},"5":{"start":{"line":8,"column":18},"end":{"line":8,"column":38}},"6":{"start":{"line":9,"column":22},"end":{"line":17,"column":2}},"7":{"start":{"line":18,"column":0},"end":{"line":18,"column":38}},"8":{"start":{"line":19,"column":16},"end":{"line":19,"column":66}},"9":{"start":{"line":20,"column":0},"end":{"line":20,"column":26}}},"fnMap":{"0":{"name":"(anonymous_0)","decl":{"start":{"line":2,"column":56},"end":{"line":2,"column":57}},"loc":{"start":{"line":2,"column":71},"end":{"line":4,"column":1}},"line":2}},"branchMap":{"0":{"loc":{"start":{"line":2,"column":22},"end":{"line":4,"column":1}},"type":"binary-expr","locations":[{"start":{"line":2,"column":23},"end":{"line":2,"column":27}},{"start":{"line":2,"column":31},"end":{"line":2,"column":51}},{"start":{"line":2,"column":56},"end":{"line":4,"column":1}}],"line":2},"1":{"loc":{"start":{"line":3,"column":11},"end":{"line":3,"column":61}},"type":"cond-expr","locations":[{"start":{"line":3,"column":37},"end":{"line":3,"column":40}},{"start":{"line":3,"column":43},"end":{"line":3,"column":61}}],"line":3},"2":{"loc":{"start":{"line":3,"column":12},"end":{"line":3,"column":33}},"type":"binary-expr","locations":[{"start":{"line":3,"column":12},"end":{"line":3,"column":15}},{"start":{"line":3,"column":19},"end":{"line":3,"column":33}}],"line":3}},"s":{"0":1,"1":1,"2":1,"3":1,"4":1,"5":1,"6":1,"7":1,"8":1,"9":1},"f":{"0":1},"b":{"0":[1,1,1],"1":[0,1],"2":[1,1]},"inputSourceMap":null,"_coverageSchema":"1a1c01bbd47fc00a2c39e90264f33305004495a9","hash":"1ef3e0082c60bf592bda6d29cde62788363a7794"}
,"D:\\ATLP\\My_brandAPI\\dest\\src\\model\\comment.js": {"path":"D:\\ATLP\\My_brandAPI\\dest\\src\\model\\comment.js","statementMap":{"0":{"start":{"line":2,"column":22},"end":{"line":12,"column":3}},"1":{"start":{"line":3,"column":4},"end":{"line":3,"column":33}},"2":{"start":{"line":3,"column":26},"end":{"line":3,"column":33}},"3":{"start":{"line":4,"column":15},"end":{"line":4,"column":52}},"4":{"start":{"line":5,"column":4},"end":{"line":7,"column":5}},"5":{"start":{"line":6,"column":6},"end":{"line":6,"column":68}},"6":{"start":{"line":6,"column":51},"end":{"line":6,"column":63}},"7":{"start":{"line":8,"column":4},"end":{"line":8,"column":39}},"8":{"start":{"line":10,"column":4},"end":{"line":10,"column":33}},"9":{"start":{"line":10,"column":26},"end":{"line":10,"column":33}},"10":{"start":{"line":11,"column":4},"end":{"line":11,"column":17}},"11":{"start":{"line":13,"column":25},"end":{"line":17,"column":2}},"12":{"start":{"line":14,"column":4},"end":{"line":14,"column":72}},"13":{"start":{"line":16,"column":4},"end":{"line":16,"column":21}},"14":{"start":{"line":18,"column":19},"end":{"line":24,"column":1}},"15":{"start":{"line":19,"column":4},"end":{"line":19,"column":42}},"16":{"start":{"line":19,"column":31},"end":{"line":19,"column":42}},"17":{"start":{"line":20,"column":17},"end":{"line":20,"column":19}},"18":{"start":{"line":21,"column":4},"end":{"line":21,"column":141}},"19":{"start":{"line":21,"column":21},"end":{"line":21,"column":141}},"20":{"start":{"line":21,"column":40},"end":{"line":21,"column":141}},"21":{"start":{"line":21,"column":109},"end":{"line":21,"column":141}},"22":{"start":{"line":22,"column":4},"end":{"line":22,"column":36}},"23":{"start":{"line":23,"column":4},"end":{"line":23,"column":18}},"24":{"start":{"line":25,"column":0},"end":{"line":25,"column":62}},"25":{"start":{"line":26,"column":0},"end":{"line":26,"column":49}},"26":{"start":{"line":27,"column":19},"end":{"line":27,"column":52}},"27":{"start":{"line":28,"column":22},"end":{"line":33,"column":2}},"28":{"start":{"line":34,"column":0},"end":{"line":34,"column":38}},"29":{"start":{"line":35,"column":16},"end":{"line":35,"column":66}},"30":{"start":{"line":36,"column":0},"end":{"line":36,"column":26}}},"fnMap":{"0":{"name":"(anonymous_0)","decl":{"start":{"line":2,"column":74},"end":{"line":2,"column":75}},"loc":{"start":{"line":2,"column":96},"end":{"line":9,"column":1}},"line":2},"1":{"name":"(anonymous_1)","decl":{"start":{"line":6,"column":38},"end":{"line":6,"column":39}},"loc":{"start":{"line":6,"column":49},"end":{"line":6,"column":65}},"line":6},"2":{"name":"(anonymous_2)","decl":{"start":{"line":9,"column":6},"end":{"line":9,"column":7}},"loc":{"start":{"line":9,"column":28},"end":{"line":12,"column":1}},"line":9},"3":{"name":"(anonymous_3)","decl":{"start":{"line":13,"column":80},"end":{"line":13,"column":81}},"loc":{"start":{"line":13,"column":95},"end":{"line":15,"column":1}},"line":13},"4":{"name":"(anonymous_4)","decl":{"start":{"line":15,"column":5},"end":{"line":15,"column":6}},"loc":{"start":{"line":15,"column":20},"end":{"line":17,"column":1}},"line":15},"5":{"name":"(anonymous_5)","decl":{"start":{"line":18,"column":50},"end":{"line":18,"column":51}},"loc":{"start":{"line":18,"column":65},"end":{"line":24,"column":1}},"line":18}},"branchMap":{"0":{"loc":{"start":{"line":2,"column":22},"end":{"line":12,"column":3}},"type":"binary-expr","locations":[{"start":{"line":2,"column":23},"end":{"line":2,"column":27}},{"start":{"line":2,"column":31},"end":{"line":2,"column":51}},{"start":{"line":2,"column":57},"end":{"line":12,"column":2}}],"line":2},"1":{"loc":{"start":{"line":2,"column":57},"end":{"line":12,"column":2}},"type":"cond-expr","locations":[{"start":{"line":2,"column":74},"end":{"line":9,"column":1}},{"start":{"line":9,"column":6},"end":{"line":12,"column":1}}],"line":2},"2":{"loc":{"start":{"line":3,"column":4},"end":{"line":3,"column":33}},"type":"if","locations":[{"start":{"line":3,"column":4},"end":{"line":3,"column":33}},{"start":{},"end":{}}],"line":3},"3":{"loc":{"start":{"line":5,"column":4},"end":{"line":7,"column":5}},"type":"if","locations":[{"start":{"line":5,"column":4},"end":{"line":7,"column":5}},{"start":{},"end":{}}],"line":5},"4":{"loc":{"start":{"line":5,"column":8},"end":{"line":5,"column":85}},"type":"binary-expr","locations":[{"start":{"line":5,"column":8},"end":{"line":5,"column":13}},{"start":{"line":5,"column":18},"end":{"line":5,"column":84}}],"line":5},"5":{"loc":{"start":{"line":5,"column":18},"end":{"line":5,"column":84}},"type":"cond-expr","locations":[{"start":{"line":5,"column":34},"end":{"line":5,"column":47}},{"start":{"line":5,"column":50},"end":{"line":5,"column":84}}],"line":5},"6":{"loc":{"start":{"line":5,"column":50},"end":{"line":5,"column":84}},"type":"binary-expr","locations":[{"start":{"line":5,"column":50},"end":{"line":5,"column":63}},{"start":{"line":5,"column":67},"end":{"line":5,"column":84}}],"line":5},"7":{"loc":{"start":{"line":10,"column":4},"end":{"line":10,"column":33}},"type":"if","locations":[{"start":{"line":10,"column":4},"end":{"line":10,"column":33}},{"start":{},"end":{}}],"line":10},"8":{"loc":{"start":{"line":13,"column":25},"end":{"line":17,"column":2}},"type":"binary-expr","locations":[{"start":{"line":13,"column":26},"end":{"line":13,"column":30}},{"start":{"line":13,"column":34},"end":{"line":13,"column":57}},{"start":{"line":13,"column":63},"end":{"line":17,"column":1}}],"line":13},"9":{"loc":{"start":{"line":13,"column":63},"end":{"line":17,"column":1}},"type":"cond-expr","locations":[{"start":{"line":13,"column":80},"end":{"line":15,"column":1}},{"start":{"line":15,"column":5},"end":{"line":17,"column":1}}],"line":13},"10":{"loc":{"start":{"line":18,"column":19},"end":{"line":24,"column":1}},"type":"binary-expr","locations":[{"start":{"line":18,"column":20},"end":{"line":18,"column":24}},{"start":{"line":18,"column":28},"end":{"line":18,"column":45}},{"start":{"line":18,"column":50},"end":{"line":24,"column":1}}],"line":18},"11":{"loc":{"start":{"line":19,"column":4},"end":{"line":19,"column":42}},"type":"if","locations":[{"start":{"line":19,"column":4},"end":{"line":19,"column":42}},{"start":{},"end":{}}],"line":19},"12":{"loc":{"start":{"line":19,"column":8},"end":{"line":19,"column":29}},"type":"binary-expr","locations":[{"start":{"line":19,"column":8},"end":{"line":19,"column":11}},{"start":{"line":19,"column":15},"end":{"line":19,"column":29}}],"line":19},"13":{"loc":{"start":{"line":21,"column":4},"end":{"line":21,"column":141}},"type":"if","locations":[{"start":{"line":21,"column":4},"end":{"line":21,"column":141}},{"start":{},"end":{}}],"line":21},"14":{"loc":{"start":{"line":21,"column":40},"end":{"line":21,"column":141}},"type":"if","locations":[{"start":{"line":21,"column":40},"end":{"line":21,"column":141}},{"start":{},"end":{}}],"line":21},"15":{"loc":{"start":{"line":21,"column":44},"end":{"line":21,"column":107}},"type":"binary-expr","locations":[{"start":{"line":21,"column":44},"end":{"line":21,"column":59}},{"start":{"line":21,"column":63},"end":{"line":21,"column":107}}],"line":21}},"s":{"0":1,"1":52,"2":52,"3":52,"4":52,"5":51,"6":1,"7":52,"8":0,"9":0,"10":0,"11":1,"12":1,"13":0,"14":1,"15":1,"16":0,"17":1,"18":1,"19":1,"20":60,"21":52,"22":1,"23":1,"24":1,"25":1,"26":1,"27":1,"28":1,"29":1,"30":1},"f":{"0":52,"1":1,"2":0,"3":1,"4":0,"5":1},"b":{"0":[1,1,1],"1":[1,0],"2":[52,0],"3":[51,1],"4":[52,52],"5":[0,52],"6":[52,1],"7":[0,0],"8":[1,1,1],"9":[1,0],"10":[1,1,1],"11":[0,1],"12":[1,1],"13":[1,0],"14":[52,8],"15":[60,59]},"inputSourceMap":null,"_coverageSchema":"1a1c01bbd47fc00a2c39e90264f33305004495a9","hash":"650216015a0fa228c7b25d0327785298e610be51"}
[...]
9,"column":6},"end":{"line":41,"column":7}},"19":{"start":{"line":40,"column":8},"end":{"line":40,"column":65}},"20":{"start":{"line":43,"column":6},"end":{"line":43,"column":22}},"21":{"start":{"line":44,"column":6},"end":{"line":44,"column":13}},"22":{"start":{"line":47,"column":4},"end":{"line":47,"column":63}},"23":{"start":{"line":48,"column":4},"end":{"line":48,"column":83}},"24":{"start":{"line":17,"column":0},"end":{"line":17,"column":22}},"25":{"start":{"line":52,"column":2},"end":{"line":67,"column":3}},"26":{"start":{"line":54,"column":4},"end":{"line":56,"column":5}},"27":{"start":{"line":55,"column":6},"end":{"line":55,"column":85}},"28":{"start":{"line":59,"column":4},"end":{"line":61,"column":5}},"29":{"start":{"line":60,"column":6},"end":{"line":60,"column":70}},"30":{"start":{"line":63,"column":4},"end":{"line":63,"column":11}},"31":{"start":{"line":65,"column":4},"end":{"line":65,"column":63}},"32":{"start":{"line":66,"column":4},"end":{"line":66,"column":68}},"33":{"start":{"line":51,"column":0},"end":{"line":51,"column":22}}},"fnMap":{"0":{"name":"authenticateToken","decl":{"start":{"line":17,"column":22},"end":{"line":17,"column":39}},"loc":{"start":{"line":17,"column":87},"end":{"line":50,"column":null}}},"1":{"name":"(anonymous_10)","decl":{"start":{"line":26,"column":73},"end":{"line":26,"column":80}},"loc":{"start":{"line":26,"column":101},"end":{"line":45,"column":6}}},"2":{"name":"(anonymous_11)","decl":{"start":{"line":26,"column":101},"end":{"line":26,"column":null}},"loc":{"start":{"line":26,"column":101},"end":{"line":45,"column":5}}},"3":{"name":"authenticateAdmin","decl":{"start":{"line":51,"column":22},"end":{"line":51,"column":39}},"loc":{"start":{"line":51,"column":87},"end":{"line":68,"column":null}}}},"branchMap":{"0":{"loc":{"start":{"line":20,"column":4},"end":{"line":20,"column":81}},"type":"if","locations":[{"start":{"line":20,"column":4},"end":{"line":20,"column":81}}]},"1":{"loc":{"start":{"line":22,"column":4},"end":{"line":24,"column":5}},"type":"if","locations":[{"start":{"line":22,"column":4},"end":{"line":24,"column":5}}]},"2":{"loc":{"start":{"line":26,"column":24},"end":{"line":26,"column":71}},"type":"binary-expr","locations":[{"start":{"line":26,"column":24},"end":{"line":26,"column":46}},{"start":{"line":26,"column":50},"end":{"line":26,"column":71}}]},"3":{"loc":{"start":{"line":27,"column":6},"end":{"line":30,"column":7}},"type":"if","locations":[{"start":{"line":27,"column":6},"end":{"line":30,"column":7}}]},"4":{"loc":{"start":{"line":39,"column":6},"end":{"line":41,"column":7}},"type":"if","locations":[{"start":{"line":39,"column":6},"end":{"line":41,"column":7}}]},"5":{"loc":{"start":{"line":54,"column":4},"end":{"line":56,"column":5}},"type":"if","locations":[{"start":{"line":54,"column":4},"end":{"line":56,"column":5}}]},"6":{"loc":{"start":{"line":59,"column":4},"end":{"line":61,"column":5}},"type":"if","locations":[{"start":{"line":59,"column":4},"end":{"line":61,"column":5}}]}},"s":{"0":1,"1":1,"2":1,"3":1,"4":10,"5":10,"6":10,"7":0,"8":10,"9":10,"10":0,"11":10,"12":10,"13":10,"14":0,"15":0,"16":10,"17":10,"18":10,"19":0,"20":10,"21":10,"22":0,"23":0,"24":1,"25":7,"26":7,"27":0,"28":7,"29":0,"30":7,"31":0,"32":0,"33":1},"f":{"0":10,"1":10,"2":10,"3":7},"b":{"0":[0],"1":[0],"2":[10,0],"3":[0],"4":[0],"5":[0],"6":[0]}}
,"D:\\ATLP\\My_brandAPI\\src\\middleware\\uploadMiddleware.ts": {"path":"D:\\ATLP\\My_brandAPI\\src\\middleware\\uploadMiddleware.ts","statementMap":{"0":{"start":{"line":4,"column":0},"end":{"line":4,"column":28}},"1":{"start":{"line":5,"column":13},"end":{"line":5,"column":28}},"2":{"start":{"line":8,"column":26},"end":{"line":8,"column":35}},"3":{"start":{"line":11,"column":16},"end":{"line":19,"column":2}},"4":{"start":{"line":13,"column":23},"end":{"line":13,"column":65}},"5":{"start":{"line":14,"column":4},"end":{"line":14,"column":25}},"6":{"start":{"line":17,"column":4},"end":{"line":17,"column":51}},"7":{"start":{"line":21,"column":15},"end":{"line":21,"column":34}},"8":{"start":{"line":23,"column":9},"end":{"line":23,"column":15}}},"fnMap":{"0":{"name":"(anonymous_1)","decl":{"start":{"line":12,"column":15},"end":{"line":12,"column":16}},"loc":{"start":{"line":12,"column":33},"end":{"line":15,"column":3}}},"1":{"name":"(anonymous_2)","decl":{"start":{"line":16,"column":12},"end":{"line":16,"column":13}},"loc":{"start":{"line":16,"column":30},"end":{"line":18,"column":3}}}},"branchMap":{},"s":{"0":1,"1":1,"2":1,"3":1,"4":1,"5":1,"6":1,"7":1,"8":1},"f":{"0":1,"1":1},"b":{}}
,"D:\\ATLP\\My_brandAPI\\src\\model\\article.ts": {"path":"D:\\ATLP\\My_brandAPI\\src\\model\\article.ts","statementMap":{"0":{"start":{"line":3,"column":0},"end":{"line":3,"column":60}},"1":{"start":{"line":5,"column":0},"end":{"line":5,"column":61}},"2":{"start":{"line":18,"column":40},"end":{"line":30,"column":2}},"3":{"start":{"line":35,"column":8},"end":{"line":35,"column":21}},"4":{"start":{"line":33,"column":16},"end":{"line":33,"column":66}},"5":{"start":{"line":35,"column":23},"end":{"line":35,"column":30}}},"fnMap":{},"branchMap":{},"s":{"0":1,"1":1,"2":1,"3":1,"4":1,"5":1},"f":{},"b":{}}
,"D:\\ATLP\\My_brandAPI\\src\\model\\comment.ts": {"path":"D:\\ATLP\\My_brandAPI\\src\\model\\comment.ts","statementMap":{"0":{"start":{"line":1,"column":0},"end":{"line":1,"column":74}},"1":{"start":{"line":11,"column":22},"end":{"line":16,"column":2}},"2":{"start":{"line":18,"column":9},"end":{"line":18,"column":22}},"3":{"start":{"line":17,"column":16},"end":{"line":17,"column":66}},"4":{"start":{"line":18,"column":33},"end":{"line":18,"column":40}}},"fnMap":{},"branchMap":{},"s":{"0":1,"1":1,"2":1,"3":1,"4":1},"f":{},"b":{}}
,"D:\\ATLP\\My_brandAPI\\src\\model\\message.ts": {"path":"D:\\ATLP\\My_brandAPI\\src\\model\\message.ts","statementMap":{"0":{"start":{"line":2,"column":0},"end":{"line":2,"column":54}},"1":{"start":{"line":12,"column":30},"end":{"line":18,"column":2}},"2":{"start":{"line":20,"column":21},"end":{"line":20,"column":71}},"3":{"start":{"line":22,"column":9},"end":{"line":22,"column":21}}},"fnMap":{},"branchMap":{},"s":{"0":1,"1":1,"2":1,"3":1},"f":{},"b":{}}
,"D:\\ATLP\\My_brandAPI\\src\\model\\user.ts": {"path":"D:\\ATLP\\My_brandAPI\\src\\model\\user.ts","statementMap":{"0":{"start":{"line":1,"column":0},"end":{"line":1,"column":54}},"1":{"start":{"line":12,"column":34},"end":{"line":35,"column":2}},"2":{"start":{"line":39,"column":8},"end":{"line":39,"column":18}},"3":{"start":{"line":37,"column":13},"end":{"line":37,"column":54}},"4":{"start":{"line":39,"column":20},"end":{"line":39,"column":24}}},"fnMap":{},"branchMap":{},"s":{"0":1,"1":1,"2":1,"3":1,"4":1},"f":{},"b":{}}
,"D:\\ATLP\\My_brandAPI\\src\\routes\\articleRoute.ts": {"path":"D:\\ATLP\\My_brandAPI\\src\\routes\\articleRoute.ts","statementMap":{"0":{"start":{"line":3,"column":0},"end":{"line":3,"column":30}},"1":{"start":{"line":4,"column":0},"end":{"line":4,"column":56}},"2":{"start":{"line":5,"column":0},"end":{"line":5,"column":65}},"3":{"start":{"line":7,"column":0},"end":{"line":7,"column":83}},"4":{"start":{"line":9,"column":22},"end":{"line":9,"column":38}},"5":{"start":{"line":10,"column":0},"end":{"line":10,"column":63}},"6":{"start":{"line":11,"column":0},"end":{"line":11,"column":67}},"7":{"start":{"line":12,"column":0},"end":{"line":12,"column":123}},"8":{"start":{"line":13,"column":0},"end":{"line":13,"column":128}},"9":{"start":{"line":14,"column":0},"end":{"line":14,"column":107}},"10":{"start":{"line":17,"column":0},"end":{"line":17,"column":28}}},"fnMap":{},"branchMap":{},"s":{"0":1,"1":1,"2":1,"3":1,"4":1,"5":1,"6":1,"7":1,"8":1,"9":1,"10":1},"f":{},"b":{}}
,"D:\\ATLP\\My_brandAPI\\src\\routes\\commentRoute.ts": {"path":"D:\\ATLP\\My_brandAPI\\src\\routes\\commentRoute.ts","statementMap":{"0":{"start":{"line":1,"column":0},"end":{"line":1,"column":30}},"1":{"start":{"line":4,"column":0},"end":{"line":4,"column":65}},"2":{"start":{"line":6,"column":22},"end":{"line":6,"column":38}},"3":{"start":{"line":7,"column":0},"end":{"line":7,"column":67}},"4":{"start":{"line":8,"column":0},"end":{"line":8,"column":93}},"5":{"start":{"line":10,"column":0},"end":{"line":10,"column":28}}},"fnMap":{},"branchMap":{},"s":{"0":1,"1":1,"2":1,"3":1,"4":1,"5":1},"f":{},"b":{}}
,"D:\\ATLP\\My_brandAPI\\src\\routes\\loginRoute.ts": {"path":"D:\\ATLP\\My_brandAPI\\src\\routes\\loginRoute.ts","statementMap":{"0":{"start":{"line":1,"column":0},"end":{"line":1,"column":30}},"1":{"start":{"line":2,"column":0},"end":{"line":2,"column":61}},"2":{"start":{"line":5,"column":18},"end":{"line":5,"column":34}},"3":{"start":{"line":8,"column":0},"end":{"line":8,"column":53}},"4":{"start":{"line":10,"column":0},"end":{"line":10,"column":26}}},"fnMap":{},"branchMap":{},"s":{"0":1,"1":1,"2":1,"3":1,"4":1},"f":{},"b":{}}
,"D:\\ATLP\\My_brandAPI\\src\\routes\\messageRoute.ts": {"path":"D:\\ATLP\\My_brandAPI\\src\\routes\\messageRoute.ts","statementMap":{"0":{"start":{"line":1,"column":0},"end":{"line":1,"column":30}},"1":{"start":{"line":2,"column":0},"end":{"line":2,"column":67}},"2":{"start":{"line":3,"column":0},"end":{"line":3,"column":83}},"3":{"start":{"line":5,"column":21},"end":{"line":5,"column":37}},"4":{"start":{"line":7,"column":0},"end":{"line":7,"column":85}},"5":{"start":{"line":8,"column":0},"end":{"line":8,"column":97}},"6":{"start":{"line":10,"column":0},"end":{"line":10,"column":28}}},"fnMap":{},"branchMap":{},"s":{"0":1,"1":1,"2":1,"3":1,"4":1,"5":1,"6":1},"f":{},"b":{}}
,"D:\\ATLP\\My_brandAPI\\src\\routes\\userRoute.ts": {"path":"D:\\ATLP\\My_brandAPI\\src\\routes\\userRoute.ts","statementMap":{"0":{"start":{"line":1,"column":0},"end":{"line":1,"column":30}},"1":{"start":{"line":3,"column":0},"end":{"line":3,"column":59}},"2":{"start":{"line":4,"column":0},"end":{"line":4,"column":83}},"3":{"start":{"line":6,"column":16},"end":{"line":6,"column":32}},"4":{"start":{"line":8,"column":0},"end":{"line":8,"column":88}},"5":{"start":{"line":9,"column":0},"end":{"line":9,"column":48}},"6":{"start":{"line":10,"column":0},"end":{"line":10,"column":94}},"7":{"start":{"line":11,"column":0},"end":{"line":11,"column":98}},"8":{"start":{"line":13,"column":0},"end":{"line":13,"column":25}}},"fnMap":{},"branchMap":{},"s":{"0":1,"1":1,"2":1,"3":1,"4":1,"5":1,"6":1,"7":1,"8":1},"f":{},"b":{}}
,"D:\\ATLP\\My_brandAPI\\src\\validations\\articleValidation.ts": {"path":"D:\\ATLP\\My_brandAPI\\src\\validations\\articleValidation.ts","statementMap":{"0":{"start":{"line":2,"column":0},"end":{"line":2,"column":34}},"1":{"start":{"line":6,"column":25},"end":{"line":10,"column":2}},"2":{"start":{"line":15,"column":24},"end":{"line":38,"column":2}},"3":{"start":{"line":15,"column":142},"end":{"line":38,"column":2}},"4":{"start":{"line":16,"column":2},"end":{"line":37,"column":3}},"5":{"start":{"line":17,"column":26},"end":{"line":17,"column":61}},"6":{"start":{"line":19,"column":39},"end":{"line":19,"column":52}},"7":{"start":{"line":20,"column":4},"end":{"line":20,"column":58}},"8":{"start":{"line":22,"column":4},"end":{"line":36,"column":5}},"9":{"start":{"line":23,"column":6},"end":{"line":23,"column":56}},"10":{"start":{"line":25,"column":52},"end":{"line":25,"column":54}},"11":{"start":{"line":26,"column":6},"end":{"line":30,"column":9}},"12":{"start":{"line":27,"column":26},"end":{"line":27,"column":49}},"13":{"start":{"line":28,"column":29},"end":{"line":28,"column":52}},"14":{"start":{"line":29,"column":8},"end":{"line":29,"column":48}},"15":{"start":{"line":32,"column":6},"end":{"line":32,"column":49}},"16":{"start":{"line":34,"column":6},"end":{"line":34,"column":48}},"17":{"start":{"line":35,"column":6},"end":{"line":35,"column":79}},"18":{"start":{"line":74,"column":9},"end":{"line":74,"column":24}},"19":{"start":{"line":40,"column":28},"end":{"line":44,"column":2}},"20":{"start":{"line":49,"column":31},"end":{"line":72,"column":2}},"21":{"start":{"line":49,"column":149},"end":{"line":72,"column":2}},"22":{"start":{"line":50,"column":2},"end":{"line":71,"column":3}},"23":{"start":{"line":51,"column":26},"end":{"line":51,"column":64}},"24":{"start":{"line":53,"column":39},"end":{"line":53,"column":52}},"25":{"start":{"line":54,"column":4},"end":{"line":54,"column":58}},"26":{"start":{"line":56,"column":4},"end":{"line":70,"column":5}},"27":{"start":{"line":57,"column":6},"end":{"line":57,"column":56}},"28":{"start":{"line":59,"column":52},"end":{"line":59,"column":54}},"29":{"start":{"line":60,"column":6},"end":{"line":64,"column":9}},"30":{"start":{"line":61,"column":26},"end":{"line":61,"column":49}},"31":{"start":{"line":62,"column":29},"end":{"line":62,"column":52}},"32":{"start":{"line":63,"column":8},"end":{"line":63,"column":48}},"33":{"start":{"line":66,"column":6},"end":{"line":66,"column":49}},"34":{"start":{"line":68,"column":6},"end":{"line":68,"column":48}},"35":{"start":{"line":69,"column":6},"end":{"line":69,"column":79}},"36":{"start":{"line":74,"column":26},"end":{"line":74,"column":48}}},"fnMap":{"0":{"name":"(anonymous_7)","decl":{"start":{"line":15,"column":24},"end":{"line":15,"column":31}},"loc":{"start":{"line":15,"column":142},"end":{"line":38,"column":2}}},"1":{"name":"(anonymous_8)","decl":{"start":{"line":15,"column":142},"end":{"line":15,"column":null}},"loc":{"start":{"line":15,"column":142},"end":{"line":38,"column":1}}},"2":{"name":"(anonymous_9)","decl":{"start":{"line":26,"column":27},"end":{"line":26,"column":28}},"loc":{"start":{"line":26,"column":47},"end":{"line":30,"column":7}}},"3":{"name":"(anonymous_10)","decl":{"start":{"line":49,"column":31},"end":{"line":49,"column":38}},"loc":{"start":{"line":49,"column":149},"end":{"line":72,"column":2}}},"4":{"name":"(anonymous_11)","decl":{"start":{"line":49,"column":149},"end":{"line":49,"column":null}},"loc":{"start":{"line":49,"column":149},"end":{"line":72,"column":1}}},"5":{"name":"(anonymous_12)","decl":{"start":{"line":60,"column":27},"end":{"line":60,"column":28}},"loc":{"start":{"line":60,"column":47},"end":{"line":64,"column":7}}}},"branchMap":{"0":{"loc":{"start":{"line":22,"column":4},"end":{"line":36,"column":5}},"type":"if","locations":[{"start":{"line":22,"column":4},"end":{"line":36,"column":5}},{"start":{"line":33,"column":11},"end":{"line":36,"column":5}}]},"1":{"loc":{"start":{"line":56,"column":4},"end":{"line":70,"column":5}},"type":"if","locations":[{"start":{"line":56,"column":4},"end":{"line":70,"column":5}},{"start":{"line":67,"column":11},"end":{"line":70,"column":5}}]}},"s":{"0":1,"1":1,"2":1,"3":1,"4":1,"5":1,"6":1,"7":1,"8":0,"9":0,"10":0,"11":0,"12":0,"13":0,"14":0,"15":0,"16":0,"17":0,"18":1,"19":1,"20":1,"21":1,"22":1,"23":1,"24":1,"25":1,"26":0,"27":0,"28":0,"29":0,"30":0,"31":0,"32":0,"33":0,"34":0,"35":0,"36":1},"f":{"0":1,"1":1,"2":0,"3":1,"4":1,"5":0},"b":{"0":[0,0],"1":[0,0]}}
,"D:\\ATLP\\My_brandAPI\\src\\validations\\userValidation.ts": {"path":"D:\\ATLP\\My_brandAPI\\src\\validations\\userValidation.ts","statementMap":{"0":{"start":{"line":1,"column":0},"end":{"line":1,"column":34}},"1":{"start":{"line":2,"column":0},"end":{"line":2,"column":32}},"2":{"start":{"line":6,"column":22},"end":{"line":13,"column":2}},"3":{"start":{"line":15,"column":21},"end":{"line":44,"column":4}},"4":{"start":{"line":15,"column":116},"end":{"line":44,"column":4}},"5":{"start":{"line":16,"column":2},"end":{"line":43,"column":5}},"6":{"start":{"line":17,"column":33},"end":{"line":17,"column":62}},"7":{"start":{"line":19,"column":6},"end":{"line":22,"column":7}},"8":{"start":{"line":20,"column":33},"end":{"line":20,"column":71}},"9":{"start":{"line":21,"column":10},"end":{"line":21,"column":50}},"10":{"start":{"line":24,"column":6},"end":{"line":24,"column":27}},"11":{"start":{"line":27,"column":6},"end":{"line":42,"column":7}},"12":{"start":{"line":28,"column":8},"end":{"line":28,"column":58}},"13":{"start":{"line":30,"column":54},"end":{"line":30,"column":56}},"14":{"start":{"line":31,"column":8},"end":{"line":36,"column":11}},"15":{"start":{"line":32,"column":28},"end":{"line":32,"column":51}},"16":{"start":{"line":33,"column":31},"end":{"line":33,"column":54}},"17":{"start":{"line":35,"column":10},"end":{"line":35,"column":50}},"18":{"start":{"line":38,"column":8},"end":{"line":38,"column":51}},"19":{"start":{"line":40,"column":8},"end":{"line":40,"column":50}},"20":{"start":{"line":41,"column":8},"end":{"line":41,"column":81}},"21":{"start":{"line":88,"column":11},"end":{"line":88,"column":23}},"22":{"start":{"line":46,"column":27},"end":{"line":53,"column":4}},"23":{"start":{"line":57,"column":30},"end":{"line":86,"column":4}},"24":{"start":{"line":57,"column":125},"end":{"line":86,"column":4}},"25":{"start":{"line":58,"column":4},"end":{"line":85,"column":5}},"26":{"start":{"line":59,"column":33},"end":{"line":59,"column":65}},"27":{"start":{"line":61,"column":6},"end":{"line":64,"column":7}},"28":{"start":{"line":62,"column":33},"end":{"line":62,"column":71}},"29":{"start":{"line":63,"column":10},"end":{"line":63,"column":50}},"30":{"start":{"line":66,"column":6},"end":{"line":66,"column":27}},"31":{"start":{"line":69,"column":6},"end":{"line":84,"column":7}},"32":{"start":{"line":70,"column":8},"end":{"line":70,"column":58}},"33":{"start":{"line":72,"column":54},"end":{"line":72,"column":56}},"34":{"start":{"line":73,"column":8},"end":{"line":78,"column":11}},"35":{"start":{"line":74,"column":28},"end":{"line":74,"column":51}},"36":{"start":{"line":75,"column":31},"end":{"line":75,"column":54}},"37":{"start":{"line":77,"column":10},"end":{"line":77,"column":50}},"38":{"start":{"line":80,"column":8},"end":{"line":80,"column":51}},"39":{"start":{"line":82,"column":8},"end":{"line":82,"column":50}},"40":{"start":{"line":83,"column":8},"end":{"line":83,"column":81}},"41":{"start":{"line":88,"column":24},"end":{"line":88,"column":43}}},"fnMap":{"0":{"name":"(anonymous_7)","decl":{"start":{"line":15,"column":21},"end":{"line":15,"column":28}},"loc":{"start":{"line":15,"column":116},"end":{"line":44,"column":4}}},"1":{"name":"(anonymous_8)","decl":{"start":{"line":15,"column":116},"end":{"line":15,"column":null}},"loc":{"start":{"line":15,"column":116},"end":{"line":44,"column":3}}},"2":{"name":"(anonymous_9)","decl":{"start":{"line":31,"column":29},"end":{"line":31,"column":30}},"loc":{"start":{"line":31,"column":49},"end":{"line":36,"column":9}}},"3":{"name":"(anonymous_10)","decl":{"start":{"line":57,"column":30},"end":{"line":57,"column":37}},"loc":{"start":{"line":57,"column":125},"end":{"line":86,"column":4}}},"4":{"name":"(anonymous_11)","decl":{"start":{"line":57,"column":125},"end":{"line":57,"column":null}},"loc":{"start":{"line":57,"column":125},"end":{"line":86,"column":3}}},"5":{"name":"(anonymous_12)","decl":{"start":{"line":73,"column":29},"end":{"line":73,"column":30}},"loc":{"start":{"line":73,"column":49},"end":{"line":78,"column":9}}}},"branchMap":{"0":{"loc":{"start":{"line":19,"column":6},"end":{"line":22,"column":7}},"type":"if","locations":[{"start":{"line":19,"column":6},"end":{"line":22,"column":7}}]},"1":{"loc":{"start":{"line":27,"column":6},"end":{"line":42,"column":7}},"type":"if","locations":[{"start":{"line":27,"column":6},"end":{"line":42,"column":7}},{"start":{"line":39,"column":13},"end":{"line":42,"column":7}}]},"2":{"loc":{"start":{"line":61,"column":6},"end":{"line":64,"column":7}},"type":"if","locations":[{"start":{"line":61,"column":6},"end":{"line":64,"column":7}}]},"3":{"loc":{"start":{"line":69,"column":6},"end":{"line":84,"column":7}},"type":"if","locations":[{"start":{"line":69,"column":6},"end":{"line":84,"column":7}},{"start":{"line":81,"column":13},"end":{"line":84,"column":7}}]}},"s":{"0":1,"1":1,"2":1,"3":1,"4":1,"5":1,"6":1,"7":1,"8":1,"9":1,"10":1,"11":0,"12":0,"13":0,"14":0,"15":0,"16":0,"17":0,"18":0,"19":0,"20":0,"21":1,"22":1,"23":1,"24":1,"25":1,"26":1,"27":1,"28":0,"29":0,"30":1,"31":0,"32":0,"33":0,"34":0,"35":0,"36":0,"37":0,"38":0,"39":0,"40":0,"41":1},"f":{"0":1,"1":1,"2":0,"3":1,"4":1,"5":0},"b":{"0":[1],"1":[0,0],"2":[0],"3":[0,0]}}
}
