{"D:\\ATLP\\My_brandAPI\\src\\index.ts": {"path":"D:\\ATLP\\My_brandAPI\\src\\index.ts","statementMap":{"0":{"start":{"line":1,"column":0},"end":{"line":1,"column":30}},"1":{"start":{"line":2,"column":0},"end":{"line":2,"column":45}},"2":{"start":{"line":3,"column":0},"end":{"line":3,"column":43}},"3":{"start":{"line":4,"column":0},"end":{"line":4,"column":49}},"4":{"start":{"line":5,"column":0},"end":{"line":5,"column":49}},"5":{"start":{"line":6,"column":0},"end":{"line":6,"column":45}},"6":{"start":{"line":7,"column":0},"end":{"line":7,"column":49}},"7":{"start":{"line":8,"column":0},"end":{"line":8,"column":43}},"8":{"start":{"line":9,"column":0},"end":{"line":9,"column":50}},"9":{"start":{"line":10,"column":0},"end":{"line":10,"column":28}},"10":{"start":{"line":11,"column":0},"end":{"line":11,"column":16}},"11":{"start":{"line":13,"column":12},"end":{"line":13,"column":21}},"12":{"start":{"line":30,"column":7},"end":{"line":30,"column":10}},"13":{"start":{"line":14,"column":13},"end":{"line":14,"column":37}},"14":{"start":{"line":16,"column":0},"end":{"line":16,"column":24}},"15":{"start":{"line":18,"column":0},"end":{"line":18,"column":12}},"16":{"start":{"line":20,"column":0},"end":{"line":20,"column":27}},"17":{"start":{"line":21,"column":0},"end":{"line":21,"column":30}},"18":{"start":{"line":22,"column":0},"end":{"line":22,"column":30}},"19":{"start":{"line":23,"column":0},"end":{"line":23,"column":28}},"20":{"start":{"line":24,"column":0},"end":{"line":24,"column":29}},"21":{"start":{"line":25,"column":0},"end":{"line":25,"column":70}},"22":{"start":{"line":27,"column":14},"end":{"line":29,"column":2}},"23":{"start":{"line":28,"column":4},"end":{"line":28,"column":52}},"24":{"start":{"line":30,"column":11},"end":{"line":30,"column":17}}},"fnMap":{"0":{"name":"(anonymous_1)","decl":{"start":{"line":27,"column":31},"end":{"line":27,"column":34}},"loc":{"start":{"line":27,"column":36},"end":{"line":29,"column":1}}}},"branchMap":{"0":{"loc":{"start":{"line":14,"column":13},"end":{"line":14,"column":37}},"type":"binary-expr","locations":[{"start":{"line":14,"column":13},"end":{"line":14,"column":29}},{"start":{"line":14,"column":33},"end":{"line":14,"column":37}}]}},"s":{"0":1,"1":1,"2":1,"3":1,"4":1,"5":1,"6":1,"7":1,"8":1,"9":1,"10":1,"11":1,"12":1,"13":1,"14":1,"15":1,"16":1,"17":1,"18":1,"19":1,"20":1,"21":1,"22":1,"23":1,"24":1},"f":{"0":1},"b":{"0":[1,1]}}
,"D:\\ATLP\\My_brandAPI\\src\\controllers\\articleController.ts": {"path":"D:\\ATLP\\My_brandAPI\\src\\controllers\\articleController.ts","statementMap":{"0":{"start":{"line":2,"column":0},"end":{"line":2,"column":53}},"1":{"start":{"line":3,"column":0},"end":{"line":3,"column":90}},"2":{"start":{"line":9,"column":4},"end":{"line":29,"column":5}},"3":{"start":{"line":10,"column":30},"end":{"line":10,"column":38}},"4":{"start":{"line":11,"column":24},"end":{"line":11,"column":38}},"5":{"start":{"line":13,"column":33},"end":{"line":13,"column":87}},"6":{"start":{"line":15,"column":6},"end":{"line":18,"column":7}},"7":{"start":{"line":16,"column":37},"end":{"line":16,"column":55}},"8":{"start":{"line":17,"column":8},"end":{"line":17,"column":73}},"9":{"start":{"line":20,"column":35},"end":{"line":20,"column":66}},"10":{"start":{"line":22,"column":6},"end":{"line":22,"column":30}},"11":{"start":{"line":24,"column":6},"end":{"line":24,"column":73}},"12":{"start":{"line":27,"column":6},"end":{"line":27,"column":27}},"13":{"start":{"line":28,"column":6},"end":{"line":28,"column":89}},"14":{"start":{"line":33,"column":4},"end":{"line":55,"column":5}},"15":{"start":{"line":34,"column":21},"end":{"line":34,"column":31}},"16":{"start":{"line":35,"column":30},"end":{"line":35,"column":38}},"17":{"start":{"line":36,"column":24},"end":{"line":36,"column":38}},"18":{"start":{"line":38,"column":33},"end":{"line":38,"column":94}},"19":{"start":{"line":40,"column":6},"end":{"line":43,"column":7}},"20":{"start":{"line":41,"column":37},"end":{"line":41,"column":55}},"21":{"start":{"line":42,"column":8},"end":{"line":42,"column":73}},"22":{"start":{"line":45,"column":29},"end":{"line":45,"column":99}},"23":{"start":{"line":47,"column":6},"end":{"line":49,"column":7}},"24":{"start":{"line":48,"column":8},"end":{"line":48,"column":80}},"25":{"start":{"line":51,"column":6},"end":{"line":51,"column":77}},"26":{"start":{"line":53,"column":6},"end":{"line":53,"column":54}},"27":{"start":{"line":54,"column":6},"end":{"line":54,"column":89}},"28":{"start":{"line":59,"column":4},"end":{"line":72,"column":5}},"29":{"start":{"line":60,"column":21},"end":{"line":60,"column":31}},"30":{"start":{"line":62,"column":45},"end":{"line":62,"column":80}},"31":{"start":{"line":64,"column":6},"end":{"line":67,"column":7}},"32":{"start":{"line":66,"column":8},"end":{"line":66,"column":80}},"33":{"start":{"line":68,"column":6},"end":{"line":68,"column":93}},"34":{"start":{"line":70,"column":6},"end":{"line":70,"column":54}},"35":{"start":{"line":71,"column":6},"end":{"line":71,"column":89}},"36":{"start":{"line":76,"column":4},"end":{"line":83,"column":5}},"37":{"start":{"line":77,"column":35},"end":{"line":77,"column":55}},"38":{"start":{"line":78,"column":6},"end":{"line":78,"column":71}},"39":{"start":{"line":81,"column":6},"end":{"line":81,"column":55}},"40":{"start":{"line":82,"column":6},"end":{"line":82,"column":89}},"41":{"start":{"line":86,"column":4},"end":{"line":93,"column":5}},"42":{"start":{"line":87,"column":21},"end":{"line":87,"column":31}},"43":{"start":{"line":88,"column":28},"end":{"line":88,"column":54}},"44":{"start":{"line":89,"column":6},"end":{"line":89,"column":76}},"45":{"start":{"line":91,"column":6},"end":{"line":91,"column":55}},"46":{"start":{"line":92,"column":6},"end":{"line":92,"column":89}},"47":{"start":{"line":98,"column":0},"end":{"line":98,"column":39}}},"fnMap":{"0":{"name":"(anonymous_7)","decl":{"start":{"line":7,"column":8},"end":{"line":7,"column":21}},"loc":{"start":{"line":7,"column":49},"end":{"line":30,"column":null}}},"1":{"name":"(anonymous_9)","decl":{"start":{"line":32,"column":8},"end":{"line":32,"column":21}},"loc":{"start":{"line":32,"column":49},"end":{"line":56,"column":null}}},"2":{"name":"(anonymous_11)","decl":{"start":{"line":58,"column":8},"end":{"line":58,"column":21}},"loc":{"start":{"line":58,"column":49},"end":{"line":73,"column":null}}},"3":{"name":"(anonymous_13)","decl":{"start":{"line":75,"column":8},"end":{"line":75,"column":22}},"loc":{"start":{"line":75,"column":50},"end":{"line":84,"column":null}}},"4":{"name":"(anonymous_15)","decl":{"start":{"line":85,"column":8},"end":{"line":85,"column":21}},"loc":{"start":{"line":85,"column":49},"end":{"line":94,"column":null}}}},"branchMap":{"0":{"loc":{"start":{"line":11,"column":24},"end":{"line":11,"column":38}},"type":"cond-expr","locations":[{"start":{"line":11,"column":32},"end":{"line":11,"column":34}},{"start":{"line":11,"column":32},"end":{"line":11,"column":38}}]},"1":{"loc":{"start":{"line":11,"column":24},"end":{"line":11,"column":34}},"type":"binary-expr","locations":[{"start":{"line":11,"column":24},"end":{"line":11,"column":34}},{"start":{"line":11,"column":32},"end":{"line":11,"column":34}}]},"2":{"loc":{"start":{"line":15,"column":6},"end":{"line":18,"column":7}},"type":"if","locations":[{"start":{"line":15,"column":6},"end":{"line":18,"column":7}}]},"3":{"loc":{"start":{"line":36,"column":24},"end":{"line":36,"column":38}},"type":"cond-expr","locations":[{"start":{"line":36,"column":32},"end":{"line":36,"column":34}},{"start":{"line":36,"column":32},"end":{"line":36,"column":38}}]},"4":{"loc":{"start":{"line":36,"column":24},"end":{"line":36,"column":34}},"type":"binary-expr","locations":[{"start":{"line":36,"column":24},"end":{"line":36,"column":34}},{"start":{"line":36,"column":32},"end":{"line":36,"column":34}}]},"5":{"loc":{"start":{"line":40,"column":6},"end":{"line":43,"column":7}},"type":"if","locations":[{"start":{"line":40,"column":6},"end":{"line":43,"column":7}}]},"6":{"loc":{"start":{"line":47,"column":6},"end":{"line":49,"column":7}},"type":"if","locations":[{"start":{"line":47,"column":6},"end":{"line":49,"column":7}}]},"7":{"loc":{"start":{"line":64,"column":6},"end":{"line":67,"column":7}},"type":"if","locations":[{"start":{"line":64,"column":6},"end":{"line":67,"column":7}}]}},"s":{"0":1,"1":1,"2":1,"3":1,"4":1,"5":1,"6":1,"7":0,"8":0,"9":1,"10":1,"11":1,"12":0,"13":0,"14":1,"15":1,"16":1,"17":1,"18":1,"19":1,"20":0,"21":0,"22":1,"23":1,"24":0,"25":1,"26":0,"27":0,"28":1,"29":1,"30":1,"31":1,"32":0,"33":1,"34":0,"35":0,"36":1,"37":1,"38":1,"39":0,"40":0,"41":1,"42":1,"43":1,"44":1,"45":0,"46":0,"47":1},"f":{"0":1,"1":1,"2":1,"3":1,"4":1},"b":{"0":[0,1],"1":[1,1],"2":[0],"3":[1,0],"4":[1,1],"5":[0],"6":[0],"7":[0]}}
,"D:\\ATLP\\My_brandAPI\\src\\controllers\\commentController.ts": {"path":"D:\\ATLP\\My_brandAPI\\src\\controllers\\commentController.ts","statementMap":{"0":{"start":{"line":3,"column":0},"end":{"line":3,"column":53}},"1":{"start":{"line":4,"column":0},"end":{"line":4,"column":44}},"2":{"start":{"line":5,"column":0},"end":{"line":5,"column":52}},"3":{"start":{"line":6,"column":0},"end":{"line":6,"column":83}},"4":{"start":{"line":10,"column":4},"end":{"line":54,"column":5}},"5":{"start":{"line":11,"column":6},"end":{"line":50,"column":9}},"6":{"start":{"line":11,"column":53},"end":{"line":50,"column":8}},"7":{"start":{"line":12,"column":8},"end":{"line":49,"column":11}},"8":{"start":{"line":12,"column":53},"end":{"line":49,"column":10}},"9":{"start":{"line":13,"column":10},"end":{"line":15,"column":11}},"10":{"start":{"line":14,"column":12},"end":{"line":14,"column":100}},"11":{"start":{"line":17,"column":25},"end":{"line":17,"column":36}},"12":{"start":{"line":18,"column":25},"end":{"line":18,"column":35}},"13":{"start":{"line":19,"column":56},"end":{"line":19,"column":64}},"14":{"start":{"line":22,"column":26},"end":{"line":22,"column":52}},"15":{"start":{"line":23,"column":10},"end":{"line":25,"column":11}},"16":{"start":{"line":24,"column":12},"end":{"line":24,"column":100}},"17":{"start":{"line":28,"column":23},"end":{"line":28,"column":50}},"18":{"start":{"line":29,"column":10},"end":{"line":31,"column":11}},"19":{"start":{"line":30,"column":12},"end":{"line":30,"column":97}},"20":{"start":{"line":33,"column":10},"end":{"line":35,"column":11}},"21":{"start":{"line":34,"column":12},"end":{"line":34,"column":112}},"22":{"start":{"line":37,"column":27},"end":{"line":42,"column":24}},"23":{"start":{"line":44,"column":10},"end":{"line":44,"column":44}},"24":{"start":{"line":45,"column":10},"end":{"line":45,"column":31}},"25":{"start":{"line":48,"column":10},"end":{"line":48,"column":116}},"26":{"start":{"line":52,"column":6},"end":{"line":52,"column":52}},"27":{"start":{"line":53,"column":6},"end":{"line":53,"column":89}},"28":{"start":{"line":57,"column":4},"end":{"line":97,"column":5}},"29":{"start":{"line":59,"column":6},"end":{"line":91,"column":9}},"30":{"start":{"line":59,"column":51},"end":{"line":91,"column":8}},"31":{"start":{"line":60,"column":8},"end":{"line":62,"column":9}},"32":{"start":{"line":61,"column":10},"end":{"line":61,"column":89}},"33":{"start":{"line":64,"column":41},"end":{"line":64,"column":51}},"34":{"start":{"line":66,"column":23},"end":{"line":66,"column":34}},"35":{"start":{"line":69,"column":24},"end":{"line":69,"column":57}},"36":{"start":{"line":71,"column":8},"end":{"line":73,"column":9}},"37":{"start":{"line":72,"column":10},"end":{"line":72,"column":89}},"38":{"start":{"line":75,"column":29},"end":{"line":75,"column":94}},"39":{"start":{"line":75,"column":63},"end":{"line":75,"column":93}},"40":{"start":{"line":77,"column":8},"end":{"line":79,"column":9}},"41":{"start":{"line":78,"column":10},"end":{"line":78,"column":89}},"42":{"start":{"line":82,"column":8},"end":{"line":84,"column":9}},"43":{"start":{"line":83,"column":10},"end":{"line":83,"column":115}},"44":{"start":{"line":88,"column":6},"end":{"line":88,"column":47}},"45":{"start":{"line":90,"column":29},"end":{"line":90,"column":95}},"46":{"start":{"line":92,"column":8},"end":{"line":92,"column":100}},"47":{"start":{"line":95,"column":6},"end":{"line":95,"column":54}},"48":{"start":{"line":96,"column":6},"end":{"line":96,"column":89}},"49":{"start":{"line":102,"column":0},"end":{"line":102,"column":39}}},"fnMap":{"0":{"name":"(anonymous_7)","decl":{"start":{"line":9,"column":8},"end":{"line":9,"column":18}},"loc":{"start":{"line":9,"column":46},"end":{"line":55,"column":null}}},"1":{"name":"(anonymous_9)","decl":{"start":{"line":11,"column":35},"end":{"line":11,"column":42}},"loc":{"start":{"line":11,"column":53},"end":{"line":50,"column":8}}},"2":{"name":"(anonymous_10)","decl":{"start":{"line":11,"column":53},"end":{"line":11,"column":null}},"loc":{"start":{"line":11,"column":53},"end":{"line":50,"column":7}}},"3":{"name":"(anonymous_11)","decl":{"start":{"line":12,"column":42},"end":{"line":12,"column":51}},"loc":{"start":{"line":12,"column":53},"end":{"line":49,"column":10}}},"4":{"name":"(anonymous_12)","decl":{"start":{"line":12,"column":53},"end":{"line":12,"column":null}},"loc":{"start":{"line":12,"column":53},"end":{"line":49,"column":9}}},"5":{"name":"(anonymous_13)","decl":{"start":{"line":56,"column":8},"end":{"line":56,"column":21}},"loc":{"start":{"line":56,"column":49},"end":{"line":98,"column":null}}},"6":{"name":"(anonymous_15)","decl":{"start":{"line":59,"column":40},"end":{"line":59,"column":49}},"loc":{"start":{"line":59,"column":51},"end":{"line":91,"column":8}}},"7":{"name":"(anonymous_16)","decl":{"start":{"line":59,"column":51},"end":{"line":59,"column":null}},"loc":{"start":{"line":59,"column":51},"end":{"line":91,"column":7}}},"8":{"name":"(anonymous_17)","decl":{"start":{"line":75,"column":56},"end":{"line":75,"column":57}},"loc":{"start":{"line":75,"column":63},"end":{"line":75,"column":93}}}},"branchMap":{"0":{"loc":{"start":{"line":13,"column":10},"end":{"line":15,"column":11}},"type":"if","locations":[{"start":{"line":13,"column":10},"end":{"line":15,"column":11}}]},"1":{"loc":{"start":{"line":23,"column":10},"end":{"line":25,"column":11}},"type":"if","locations":[{"start":{"line":23,"column":10},"end":{"line":25,"column":11}}]},"2":{"loc":{"start":{"line":29,"column":10},"end":{"line":31,"column":11}},"type":"if","locations":[{"start":{"line":29,"column":10},"end":{"line":31,"column":11}}]},"3":{"loc":{"start":{"line":33,"column":10},"end":{"line":35,"column":11}},"type":"if","locations":[{"start":{"line":33,"column":10},"end":{"line":35,"column":11}}]},"4":{"loc":{"start":{"line":60,"column":8},"end":{"line":62,"column":9}},"type":"if","locations":[{"start":{"line":60,"column":8},"end":{"line":62,"column":9}}]},"5":{"loc":{"start":{"line":71,"column":8},"end":{"line":73,"column":9}},"type":"if","locations":[{"start":{"line":71,"column":8},"end":{"line":73,"column":9}}]},"6":{"loc":{"start":{"line":77,"column":8},"end":{"line":79,"column":9}},"type":"if","locations":[{"start":{"line":77,"column":8},"end":{"line":79,"column":9}}]},"7":{"loc":{"start":{"line":82,"column":8},"end":{"line":84,"column":9}},"type":"if","locations":[{"start":{"line":82,"column":8},"end":{"line":84,"column":9}}]}},"s":{"0":1,"1":1,"2":1,"3":1,"4":1,"5":1,"6":1,"7":1,"8":1,"9":1,"10":0,"11":1,"12":1,"13":1,"14":1,"15":1,"16":0,"17":1,"18":1,"19":0,"20":1,"21":0,"22":1,"23":1,"24":1,"25":1,"26":0,"27":0,"28":1,"29":1,"30":1,"31":1,"32":0,"33":1,"34":1,"35":1,"36":1,"37":0,"38":1,"39":1,"40":1,"41":0,"42":1,"43":0,"44":1,"45":1,"46":1,"47":0,"48":0,"49":1},"f":{"0":1,"1":1,"2":1,"3":1,"4":1,"5":1,"6":1,"7":1,"8":1},"b":{"0":[0],"1":[0],"2":[0],"3":[0],"4":[0],"5":[0],"6":[0],"7":[0]}}
,"D:\\ATLP\\My_brandAPI\\src\\controllers\\loginController.ts": {"path":"D:\\ATLP\\My_brandAPI\\src\\controllers\\loginController.ts","statementMap":{"0":{"start":{"line":2,"column":0},"end":{"line":2,"column":44}},"1":{"start":{"line":3,"column":0},"end":{"line":3,"column":35}},"2":{"start":{"line":4,"column":0},"end":{"line":4,"column":31}},"3":{"start":{"line":5,"column":0},"end":{"line":5,"column":28}},"4":{"start":{"line":7,"column":0},"end":{"line":7,"column":16}},"5":{"start":{"line":11,"column":4},"end":{"line":38,"column":5}},"6":{"start":{"line":12,"column":34},"end":{"line":12,"column":42}},"7":{"start":{"line":13,"column":37},"end":{"line":13,"column":66}},"8":{"start":{"line":15,"column":6},"end":{"line":17,"column":7}},"9":{"start":{"line":16,"column":8},"end":{"line":16,"column":65}},"10":{"start":{"line":19,"column":6},"end":{"line":34,"column":7}},"11":{"start":{"line":20,"column":30},"end":{"line":20,"column":72}},"12":{"start":{"line":22,"column":8},"end":{"line":24,"column":9}},"13":{"start":{"line":23,"column":10},"end":{"line":23,"column":71}},"14":{"start":{"line":26,"column":22},"end":{"line":26,"column":155}},"15":{"start":{"line":29,"column":8},"end":{"line":29,"column":126}},"16":{"start":{"line":33,"column":8},"end":{"line":33,"column":78}},"17":{"start":{"line":36,"column":6},"end":{"line":36,"column":55}},"18":{"start":{"line":37,"column":6},"end":{"line":37,"column":70}},"19":{"start":{"line":42,"column":0},"end":{"line":42,"column":31}}},"fnMap":{"0":{"name":"(anonymous_8)","decl":{"start":{"line":10,"column":2},"end":{"line":10,"column":8}},"loc":{"start":{"line":10,"column":52},"end":{"line":39,"column":null}}}},"branchMap":{"0":{"loc":{"start":{"line":15,"column":6},"end":{"line":17,"column":7}},"type":"if","locations":[{"start":{"line":15,"column":6},"end":{"line":17,"column":7}}]},"1":{"loc":{"start":{"line":19,"column":6},"end":{"line":34,"column":7}},"type":"if","locations":[{"start":{"line":19,"column":6},"end":{"line":34,"column":7}},{"start":{"line":32,"column":13},"end":{"line":34,"column":7}}]},"2":{"loc":{"start":{"line":22,"column":8},"end":{"line":24,"column":9}},"type":"if","locations":[{"start":{"line":22,"column":8},"end":{"line":24,"column":9}}]},"3":{"loc":{"start":{"line":26,"column":86},"end":{"line":26,"column":133}},"type":"binary-expr","locations":[{"start":{"line":26,"column":86},"end":{"line":26,"column":108}},{"start":{"line":26,"column":112},"end":{"line":26,"column":133}}]}},"s":{"0":1,"1":1,"2":1,"3":1,"4":1,"5":1,"6":1,"7":1,"8":1,"9":0,"10":1,"11":1,"12":1,"13":0,"14":1,"15":1,"16":0,"17":0,"18":0,"19":1},"f":{"0":1},"b":{"0":[0],"1":[1,0],"2":[0],"3":[1,0]}}
,"D:\\ATLP\\My_brandAPI\\src\\controllers\\messageController.ts": {"path":"D:\\ATLP\\My_brandAPI\\src\\controllers\\messageController.ts","statementMap":{"0":{"start":{"line":3,"column":0},"end":{"line":3,"column":59}},"1":{"start":{"line":7,"column":4},"end":{"line":16,"column":5}},"2":{"start":{"line":8,"column":48},"end":{"line":8,"column":56}},"3":{"start":{"line":9,"column":32},"end":{"line":9,"column":67}},"4":{"start":{"line":11,"column":6},"end":{"line":11,"column":43}},"5":{"start":{"line":14,"column":6},"end":{"line":14,"column":51}},"6":{"start":{"line":15,"column":6},"end":{"line":15,"column":70}},"7":{"start":{"line":20,"column":4},"end":{"line":26,"column":5}},"8":{"start":{"line":21,"column":35},"end":{"line":21,"column":60}},"9":{"start":{"line":22,"column":6},"end":{"line":22,"column":44}},"10":{"start":{"line":24,"column":6},"end":{"line":24,"column":52}},"11":{"start":{"line":25,"column":6},"end":{"line":25,"column":70}},"12":{"start":{"line":29,"column":0},"end":{"line":29,"column":33}}},"fnMap":{"0":{"name":"(anonymous_7)","decl":{"start":{"line":6,"column":2},"end":{"line":6,"column":8}},"loc":{"start":{"line":6,"column":56},"end":{"line":17,"column":null}}},"1":{"name":"(anonymous_9)","decl":{"start":{"line":19,"column":2},"end":{"line":19,"column":8}},"loc":{"start":{"line":19,"column":58},"end":{"line":27,"column":null}}}},"branchMap":{},"s":{"0":1,"1":1,"2":1,"3":1,"4":1,"5":0,"6":0,"7":1,"8":1,"9":1,"10":0,"11":0,"12":1},"f":{"0":1,"1":1},"b":{}}
,"D:\\ATLP\\My_brandAPI\\src\\controllers\\userController.ts": {"path":"D:\\ATLP\\My_brandAPI\\src\\controllers\\userController.ts","statementMap":{"0":{"start":{"line":2,"column":0},"end":{"line":2,"column":44}},"1":{"start":{"line":3,"column":0},"end":{"line":3,"column":81}},"2":{"start":{"line":8,"column":4},"end":{"line":27,"column":5}},"3":{"start":{"line":9,"column":69},"end":{"line":9,"column":77}},"4":{"start":{"line":11,"column":23},"end":{"line":11,"column":97}},"5":{"start":{"line":13,"column":6},"end":{"line":16,"column":7}},"6":{"start":{"line":14,"column":37},"end":{"line":14,"column":45}},"7":{"start":{"line":15,"column":8},"end":{"line":15,"column":73}},"8":{"start":{"line":19,"column":26},"end":{"line":19,"column":53}},"9":{"start":{"line":21,"column":6},"end":{"line":21,"column":68}},"10":{"start":{"line":24,"column":6},"end":{"line":24,"column":51}},"11":{"start":{"line":25,"column":6},"end":{"line":25,"column":89}},"12":{"start":{"line":31,"column":4},"end":{"line":38,"column":5}},"13":{"start":{"line":32,"column":29},"end":{"line":32,"column":66}},"14":{"start":{"line":34,"column":6},"end":{"line":34,"column":67}},"15":{"start":{"line":36,"column":6},"end":{"line":36,"column":52}},"16":{"start":{"line":37,"column":6},"end":{"line":37,"column":89}},"17":{"start":{"line":43,"column":4},"end":{"line":65,"column":5}},"18":{"start":{"line":44,"column":29},"end":{"line":44,"column":46}},"19":{"start":{"line":45,"column":68},"end":{"line":45,"column":76}},"20":{"start":{"line":48,"column":30},"end":{"line":48,"column":110}},"21":{"start":{"line":50,"column":6},"end":{"line":53,"column":7}},"22":{"start":{"line":51,"column":37},"end":{"line":51,"column":52}},"23":{"start":{"line":52,"column":8},"end":{"line":52,"column":73}},"24":{"start":{"line":55,"column":46},"end":{"line":55,"column":114}},"25":{"start":{"line":57,"column":6},"end":{"line":59,"column":7}},"26":{"start":{"line":58,"column":8},"end":{"line":58,"column":79}},"27":{"start":{"line":61,"column":6},"end":{"line":61,"column":73}},"28":{"start":{"line":63,"column":6},"end":{"line":63,"column":51}},"29":{"start":{"line":64,"column":6},"end":{"line":64,"column":70}},"30":{"start":{"line":70,"column":4},"end":{"line":82,"column":5}},"31":{"start":{"line":71,"column":29},"end":{"line":71,"column":46}},"32":{"start":{"line":73,"column":40},"end":{"line":73,"column":76}},"33":{"start":{"line":74,"column":6},"end":{"line":76,"column":7}},"34":{"start":{"line":75,"column":8},"end":{"line":75,"column":81}},"35":{"start":{"line":77,"column":6},"end":{"line":77,"column":95}},"36":{"start":{"line":80,"column":6},"end":{"line":80,"column":75}},"37":{"start":{"line":81,"column":6},"end":{"line":81,"column":70}},"38":{"start":{"line":86,"column":0},"end":{"line":86,"column":30}}},"fnMap":{"0":{"name":"(anonymous_7)","decl":{"start":{"line":7,"column":2},"end":{"line":7,"column":8}},"loc":{"start":{"line":7,"column":49},"end":{"line":28,"column":null}}},"1":{"name":"(anonymous_9)","decl":{"start":{"line":30,"column":2},"end":{"line":30,"column":8}},"loc":{"start":{"line":30,"column":55},"end":{"line":39,"column":null}}},"2":{"name":"(anonymous_11)","decl":{"start":{"line":42,"column":2},"end":{"line":42,"column":8}},"loc":{"start":{"line":42,"column":53},"end":{"line":66,"column":null}}},"3":{"name":"(anonymous_13)","decl":{"start":{"line":69,"column":2},"end":{"line":69,"column":8}},"loc":{"start":{"line":69,"column":53},"end":{"line":83,"column":null}}}},"branchMap":{"0":{"loc":{"start":{"line":13,"column":6},"end":{"line":16,"column":7}},"type":"if","locations":[{"start":{"line":13,"column":6},"end":{"line":16,"column":7}}]},"1":{"loc":{"start":{"line":50,"column":6},"end":{"line":53,"column":7}},"type":"if","locations":[{"start":{"line":50,"column":6},"end":{"line":53,"column":7}}]},"2":{"loc":{"start":{"line":57,"column":6},"end":{"line":59,"column":7}},"type":"if","locations":[{"start":{"line":57,"column":6},"end":{"line":59,"column":7}}]},"3":{"loc":{"start":{"line":74,"column":6},"end":{"line":76,"column":7}},"type":"if","locations":[{"start":{"line":74,"column":6},"end":{"line":76,"column":7}}]}},"s":{"0":1,"1":1,"2":1,"3":1,"4":1,"5":1,"6":0,"7":0,"8":1,"9":1,"10":0,"11":0,"12":1,"13":1,"14":1,"15":0,"16":0,"17":1,"18":1,"19":1,"20":1,"21":1,"22":0,"23":0,"24":1,"25":1,"26":0,"27":1,"28":0,"29":0,"30":1,"31":1,"32":1,"33":1,"34":0,"35":1,"36":0,"37":0,"38":1},"f":{"0":1,"1":1,"2":1,"3":1},"b":{"0":[0],"1":[0],"2":[0],"3":[0]}}
,"D:\\ATLP\\My_brandAPI\\src\\database\\dbconnect.ts": {"path":"D:\\ATLP\\My_brandAPI\\src\\database\\dbconnect.ts","statementMap":{"0":{"start":{"line":1,"column":0},"end":{"line":1,"column":32}},"1":{"start":{"line":2,"column":0},"end":{"line":2,"column":28}},"2":{"start":{"line":4,"column":0},"end":{"line":4,"column":35}},"3":{"start":{"line":6,"column":0},"end":{"line":6,"column":16}},"4":{"start":{"line":8,"column":18},"end":{"line":17,"column":2}},"5":{"start":{"line":8,"column":44},"end":{"line":17,"column":2}},"6":{"start":{"line":9,"column":2},"end":{"line":14,"column":3}},"7":{"start":{"line":10,"column":4},"end":{"line":10,"column":105}},"8":{"start":{"line":11,"column":4},"end":{"line":11,"column":39}},"9":{"start":{"line":13,"column":4},"end":{"line":13,"column":51}},"10":{"start":{"line":19,"column":0},"end":{"line":19,"column":25}}},"fnMap":{"0":{"name":"(anonymous_8)","decl":{"start":{"line":8,"column":18},"end":{"line":8,"column":42}},"loc":{"start":{"line":8,"column":44},"end":{"line":17,"column":2}}},"1":{"name":"(anonymous_9)","decl":{"start":{"line":8,"column":44},"end":{"line":8,"column":null}},"loc":{"start":{"line":8,"column":44},"end":{"line":17,"column":1}}}},"branchMap":{},"s":{"0":1,"1":1,"2":1,"3":1,"4":1,"5":1,"6":1,"7":1,"8":1,"9":0,"10":1},"f":{"0":1,"1":1},"b":{}}
,"D:\\ATLP\\My_brandAPI\\src\\middleware\\authMiddleware.ts": {"path":"D:\\ATLP\\My_brandAPI\\src\\middleware\\authMiddleware.ts","statementMap":{"0":{"start":{"line":3,"column":0},"end":{"line":3,"column":31}},"1":{"start":{"line":4,"column":0},"end":{"line":4,"column":44}},"2":{"start":{"line":6,"column":0},"end":{"line":6,"column":28}},"3":{"start":{"line":7,"column":0},"end":{"line":7,"column":16}},"4":{"start":{"line":18,"column":2},"end":{"line":49,"column":3}},"5":{"start":{"line":19,"column":23},"end":{"line":19,"column":50}},"6":{"start":{"line":20,"column":4},"end":{"line":20,"column":81}},"7":{"start":{"line":20,"column":21},"end":{"line":20,"column":81}},"8":{"start":{"line":21,"column":18},"end":{"line":21,"column":51}},"9":{"start":{"line":22,"column":4},"end":{"line":24,"column":5}},"10":{"start":{"line":23,"column":6},"end":{"line":23,"column":81}},"11":{"start":{"line":26,"column":4},"end":{"line":45,"column":7}},"12":{"start":{"line":26,"column":101},"end":{"line":45,"column":6}},"13":{"start":{"line":27,"column":6},"end":{"line":30,"column":7}},"14":{"start":{"line":28,"column":8},"end":{"line":28,"column":53}},"15":{"start":{"line":29,"column":8},"end":{"line":29,"column":79}},"16":{"start":{"line":34,"column":22},"end":{"line":34,"column":64}},"17":{"start":{"line":37,"column":33},"end":{"line":37,"column":60}},"18":{"start":{"line":39,"column":6},"end":{"line":41,"column":7}},"19":{"start":{"line":40,"column":8},"end":{"line":40,"column":65}},"20":{"start":{"line":43,"column":6},"end":{"line":43,"column":22}},"21":{"start":{"line":44,"column":6},"end":{"line":44,"column":13}},"22":{"start":{"line":47,"column":4},"end":{"line":47,"column":63}},"23":{"start":{"line":48,"column":4},"end":{"line":48,"column":83}},"24":{"start":{"line":17,"column":0},"end":{"line":17,"column":22}},"25":{"start":{"line":52,"column":2},"end":{"line":67,"column":3}},"26":{"start":{"line":54,"column":4},"end":{"line":56,"column":5}},"27":{"start":{"line":55,"column":6},"end":{"line":55,"column":85}},"28":{"start":{"line":59,"column":4},"end":{"line":61,"column":5}},"29":{"start":{"line":60,"column":6},"end":{"line":60,"column":70}},"30":{"start":{"line":63,"column":4},"end":{"line":63,"column":11}},"31":{"start":{"line":65,"column":4},"end":{"line":65,"column":63}},"32":{"start":{"line":66,"column":4},"end":{"line":66,"column":68}},"33":{"start":{"line":51,"column":0},"end":{"line":51,"column":22}}},"fnMap":{"0":{"name":"authenticateToken","decl":{"start":{"line":17,"column":22},"end":{"line":17,"column":39}},"loc":{"start":{"line":17,"column":87},"end":{"line":50,"column":null}}},"1":{"name":"(anonymous_10)","decl":{"start":{"line":26,"column":73},"end":{"line":26,"column":80}},"loc":{"start":{"line":26,"column":101},"end":{"line":45,"column":6}}},"2":{"name":"(anonymous_11)","decl":{"start":{"line":26,"column":101},"end":{"line":26,"column":null}},"loc":{"start":{"line":26,"column":101},"end":{"line":45,"column":5}}},"3":{"name":"authenticateAdmin","decl":{"start":{"line":51,"column":22},"end":{"line":51,"column":39}},"loc":{"start":{"line":51,"column":87},"end":{"line":68,"column":null}}}},"branchMap":{"0":{"loc":{"start":{"line":20,"column":4},"end":{"line":20,"column":81}},"type":"if","locations":[{"start":{"line":20,"column":4},"end":{"line":20,"column":81}}]},"1":{"loc":{"start":{"line":22,"column":4},"end":{"line":24,"column":5}},"type":"if","locations":[{"start":{"line":22,"column":4},"end":{"line":24,"column":5}}]},"2":{"loc":{"start":{"line":26,"column":24},"end":{"line":26,"column":71}},"type":"binary-expr","locations":[{"start":{"line":26,"column":24},"end":{"line":26,"column":46}},{"start":{"line":26,"column":50},"end":{"line":26,"column":71}}]},"3":{"loc":{"start":{"line":27,"column":6},"end":{"line":30,"column":7}},"type":"if","locations":[{"start":{"line":27,"column":6},"end":{"line":30,"column":7}}]},"4":{"loc":{"start":{"line":39,"column":6},"end":{"line":41,"column":7}},"type":"if","locations":[{"start":{"line":39,"column":6},"end":{"line":41,"column":7}}]},"5":{"loc":{"start":{"line":54,"column":4},"end":{"line":56,"column":5}},"type":"if","locations":[{"start":{"line":54,"column":4},"end":{"line":56,"column":5}}]},"6":{"loc":{"start":{"line":59,"column":4},"end":{"line":61,"column":5}},"type":"if","locations":[{"start":{"line":59,"column":4},"end":{"line":61,"column":5}}]}},"s":{"0":1,"1":1,"2":1,"3":1,"4":10,"5":10,"6":10,"7":0,"8":10,"9":10,"10":0,"11":10,"12":10,"13":10,"14":0,"15":0,"16":10,"17":10,"18":10,"19":0,"20":10,"21":10,"22":0,"23":0,"24":1,"25":7,"26":7,"27":0,"28":7,"29":0,"30":7,"31":0,"32":0,"33":1},"f":{"0":10,"1":10,"2":10,"3":7},"b":{"0":[0],"1":[0],"2":[10,0],"3":[0],"4":[0],"5":[0],"6":[0]}}
,"D:\\ATLP\\My_brandAPI\\src\\middleware\\uploadMiddleware.ts": {"path":"D:\\ATLP\\My_brandAPI\\src\\middleware\\uploadMiddleware.ts","statementMap":{"0":{"start":{"line":4,"column":0},"end":{"line":4,"column":28}},"1":{"start":{"line":5,"column":13},"end":{"line":5,"column":28}},"2":{"start":{"line":8,"column":26},"end":{"line":8,"column":35}},"3":{"start":{"line":11,"column":16},"end":{"line":19,"column":2}},"4":{"start":{"line":13,"column":23},"end":{"line":13,"column":65}},"5":{"start":{"line":14,"column":4},"end":{"line":14,"column":25}},"6":{"start":{"line":17,"column":4},"end":{"line":17,"column":51}},"7":{"start":{"line":21,"column":15},"end":{"line":21,"column":34}},"8":{"start":{"line":23,"column":9},"end":{"line":23,"column":15}}},"fnMap":{"0":{"name":"(anonymous_1)","decl":{"start":{"line":12,"column":15},"end":{"line":12,"column":16}},"loc":{"start":{"line":12,"column":33},"end":{"line":15,"column":3}}},"1":{"name":"(anonymous_2)","decl":{"start":{"line":16,"column":12},"end":{"line":16,"column":13}},"loc":{"start":{"line":16,"column":30},"end":{"line":18,"column":3}}}},"branchMap":{},"s":{"0":1,"1":1,"2":1,"3":1,"4":1,"5":1,"6":1,"7":1,"8":1},"f":{"0":1,"1":1},"b":{}}
,"D:\\ATLP\\My_brandAPI\\src\\model\\article.ts": {"path":"D:\\ATLP\\My_brandAPI\\src\\model\\article.ts","statementMap":{"0":{"start":{"line":3,"column":0},"end":{"line":3,"column":60}},"1":{"start":{"line":5,"column":0},"end":{"line":5,"column":61}},"2":{"start":{"line":18,"column":40},"end":{"line":30,"column":2}},"3":{"start":{"line":35,"column":8},"end":{"line":35,"column":21}},"4":{"start":{"line":33,"column":16},"end":{"line":33,"column":66}},"5":{"start":{"line":35,"column":23},"end":{"line":35,"column":30}}},"fnMap":{},"branchMap":{},"s":{"0":1,"1":1,"2":1,"3":1,"4":1,"5":1},"f":{},"b":{}}
,"D:\\ATLP\\My_brandAPI\\src\\model\\comment.ts": {"path":"D:\\ATLP\\My_brandAPI\\src\\model\\comment.ts","statementMap":{"0":{"start":{"line":1,"column":0},"end":{"line":1,"column":74}},"1":{"start":{"line":12,"column":22},"end":{"line":17,"column":2}},"2":{"start":{"line":19,"column":9},"end":{"line":19,"column":22}},"3":{"start":{"line":18,"column":16},"end":{"line":18,"column":66}},"4":{"start":{"line":19,"column":33},"end":{"line":19,"column":40}}},"fnMap":{},"branchMap":{},"s":{"0":1,"1":1,"2":1,"3":1,"4":1},"f":{},"b":{}}
,"D:\\ATLP\\My_brandAPI\\src\\model\\message.ts": {"path":"D:\\ATLP\\My_brandAPI\\src\\model\\message.ts","statementMap":{"0":{"start":{"line":2,"column":0},"end":{"line":2,"column":54}},"1":{"start":{"line":12,"column":30},"end":{"line":18,"column":2}},"2":{"start":{"line":20,"column":21},"end":{"line":20,"column":71}},"3":{"start":{"line":22,"column":9},"end":{"line":22,"column":21}}},"fnMap":{},"branchMap":{},"s":{"0":1,"1":1,"2":1,"3":1},"f":{},"b":{}}
,"D:\\ATLP\\My_brandAPI\\src\\model\\user.ts": {"path":"D:\\ATLP\\My_brandAPI\\src\\model\\user.ts","statementMap":{"0":{"start":{"line":1,"column":0},"end":{"line":1,"column":54}},"1":{"start":{"line":12,"column":34},"end":{"line":35,"column":2}},"2":{"start":{"line":39,"column":8},"end":{"line":39,"column":18}},"3":{"start":{"line":37,"column":13},"end":{"line":37,"column":54}},"4":{"start":{"line":39,"column":20},"end":{"line":39,"column":24}}},"fnMap":{},"branchMap":{},"s":{"0":1,"1":1,"2":1,"3":1,"4":1},"f":{},"b":{}}
,"D:\\ATLP\\My_brandAPI\\src\\routes\\articleRoute.ts": {"path":"D:\\ATLP\\My_brandAPI\\src\\routes\\articleRoute.ts","statementMap":{"0":{"start":{"line":3,"column":0},"end":{"line":3,"column":30}},"1":{"start":{"line":4,"column":0},"end":{"line":4,"column":56}},"2":{"start":{"line":5,"column":0},"end":{"line":5,"column":65}},"3":{"start":{"line":7,"column":0},"end":{"line":7,"column":83}},"4":{"start":{"line":9,"column":22},"end":{"line":9,"column":38}},"5":{"start":{"line":10,"column":0},"end":{"line":10,"column":63}},"6":{"start":{"line":11,"column":0},"end":{"line":11,"column":67}},"7":{"start":{"line":12,"column":0},"end":{"line":12,"column":123}},"8":{"start":{"line":13,"column":0},"end":{"line":13,"column":128}},"9":{"start":{"line":14,"column":0},"end":{"line":14,"column":107}},"10":{"start":{"line":17,"column":0},"end":{"line":17,"column":28}}},"fnMap":{},"branchMap":{},"s":{"0":1,"1":1,"2":1,"3":1,"4":1,"5":1,"6":1,"7":1,"8":1,"9":1,"10":1},"f":{},"b":{}}
,"D:\\ATLP\\My_brandAPI\\src\\routes\\commentRoute.ts": {"path":"D:\\ATLP\\My_brandAPI\\src\\routes\\commentRoute.ts","statementMap":{"0":{"start":{"line":1,"column":0},"end":{"line":1,"column":30}},"1":{"start":{"line":4,"column":0},"end":{"line":4,"column":65}},"2":{"start":{"line":6,"column":22},"end":{"line":6,"column":38}},"3":{"start":{"line":7,"column":0},"end":{"line":7,"column":67}},"4":{"start":{"line":8,"column":0},"end":{"line":8,"column":93}},"5":{"start":{"line":10,"column":0},"end":{"line":10,"column":28}}},"fnMap":{},"branchMap":{},"s":{"0":1,"1":1,"2":1,"3":1,"4":1,"5":1},"f":{},"b":{}}
,"D:\\ATLP\\My_brandAPI\\src\\routes\\loginRoute.ts": {"path":"D:\\ATLP\\My_brandAPI\\src\\routes\\loginRoute.ts","statementMap":{"0":{"start":{"line":1,"column":0},"end":{"line":1,"column":30}},"1":{"start":{"line":2,"column":0},"end":{"line":2,"column":61}},"2":{"start":{"line":5,"column":18},"end":{"line":5,"column":34}},"3":{"start":{"line":8,"column":0},"end":{"line":8,"column":53}},"4":{"start":{"line":10,"column":0},"end":{"line":10,"column":26}}},"fnMap":{},"branchMap":{},"s":{"0":1,"1":1,"2":1,"3":1,"4":1},"f":{},"b":{}}
,"D:\\ATLP\\My_brandAPI\\src\\routes\\messageRoute.ts": {"path":"D:\\ATLP\\My_brandAPI\\src\\routes\\messageRoute.ts","statementMap":{"0":{"start":{"line":1,"column":0},"end":{"line":1,"column":30}},"1":{"start":{"line":2,"column":0},"end":{"line":2,"column":67}},"2":{"start":{"line":3,"column":0},"end":{"line":3,"column":83}},"3":{"start":{"line":5,"column":21},"end":{"line":5,"column":37}},"4":{"start":{"line":7,"column":0},"end":{"line":7,"column":85}},"5":{"start":{"line":8,"column":0},"end":{"line":8,"column":97}},"6":{"start":{"line":10,"column":0},"end":{"line":10,"column":28}}},"fnMap":{},"branchMap":{},"s":{"0":1,"1":1,"2":1,"3":1,"4":1,"5":1,"6":1},"f":{},"b":{}}
,"D:\\ATLP\\My_brandAPI\\src\\routes\\userRoute.ts": {"path":"D:\\ATLP\\My_brandAPI\\src\\routes\\userRoute.ts","statementMap":{"0":{"start":{"line":1,"column":0},"end":{"line":1,"column":30}},"1":{"start":{"line":3,"column":0},"end":{"line":3,"column":59}},"2":{"start":{"line":4,"column":0},"end":{"line":4,"column":83}},"3":{"start":{"line":6,"column":16},"end":{"line":6,"column":32}},"4":{"start":{"line":8,"column":0},"end":{"line":8,"column":88}},"5":{"start":{"line":9,"column":0},"end":{"line":9,"column":48}},"6":{"start":{"line":10,"column":0},"end":{"line":10,"column":94}},"7":{"start":{"line":11,"column":0},"end":{"line":11,"column":98}},"8":{"start":{"line":13,"column":0},"end":{"line":13,"column":25}}},"fnMap":{},"branchMap":{},"s":{"0":1,"1":1,"2":1,"3":1,"4":1,"5":1,"6":1,"7":1,"8":1},"f":{},"b":{}}
,"D:\\ATLP\\My_brandAPI\\src\\validations\\articleValidation.ts": {"path":"D:\\ATLP\\My_brandAPI\\src\\validations\\articleValidation.ts","statementMap":{"0":{"start":{"line":2,"column":0},"end":{"line":2,"column":34}},"1":{"start":{"line":6,"column":25},"end":{"line":10,"column":2}},"2":{"start":{"line":15,"column":24},"end":{"line":38,"column":2}},"3":{"start":{"line":15,"column":142},"end":{"line":38,"column":2}},"4":{"start":{"line":16,"column":2},"end":{"line":37,"column":3}},"5":{"start":{"line":17,"column":26},"end":{"line":17,"column":61}},"6":{"start":{"line":19,"column":39},"end":{"line":19,"column":52}},"7":{"start":{"line":20,"column":4},"end":{"line":20,"column":58}},"8":{"start":{"line":22,"column":4},"end":{"line":36,"column":5}},"9":{"start":{"line":23,"column":6},"end":{"line":23,"column":56}},"10":{"start":{"line":25,"column":52},"end":{"line":25,"column":54}},"11":{"start":{"line":26,"column":6},"end":{"line":30,"column":9}},"12":{"start":{"line":27,"column":26},"end":{"line":27,"column":49}},"13":{"start":{"line":28,"column":29},"end":{"line":28,"column":52}},"14":{"start":{"line":29,"column":8},"end":{"line":29,"column":48}},"15":{"start":{"line":32,"column":6},"end":{"line":32,"column":49}},"16":{"start":{"line":34,"column":6},"end":{"line":34,"column":48}},"17":{"start":{"line":35,"column":6},"end":{"line":35,"column":79}},"18":{"start":{"line":74,"column":9},"end":{"line":74,"column":24}},"19":{"start":{"line":40,"column":28},"end":{"line":44,"column":2}},"20":{"start":{"line":49,"column":31},"end":{"line":72,"column":2}},"21":{"start":{"line":49,"column":149},"end":{"line":72,"column":2}},"22":{"start":{"line":50,"column":2},"end":{"line":71,"column":3}},"23":{"start":{"line":51,"column":26},"end":{"line":51,"column":64}},"24":{"start":{"line":53,"column":39},"end":{"line":53,"column":52}},"25":{"start":{"line":54,"column":4},"end":{"line":54,"column":58}},"26":{"start":{"line":56,"column":4},"end":{"line":70,"column":5}},"27":{"start":{"line":57,"column":6},"end":{"line":57,"column":56}},"28":{"start":{"line":59,"column":52},"end":{"line":59,"column":54}},"29":{"start":{"line":60,"column":6},"end":{"line":64,"column":9}},"30":{"start":{"line":61,"column":26},"end":{"line":61,"column":49}},"31":{"start":{"line":62,"column":29},"end":{"line":62,"column":52}},"32":{"start":{"line":63,"column":8},"end":{"line":63,"column":48}},"33":{"start":{"line":66,"column":6},"end":{"line":66,"column":49}},"34":{"start":{"line":68,"column":6},"end":{"line":68,"column":48}},"35":{"start":{"line":69,"column":6},"end":{"line":69,"column":79}},"36":{"start":{"line":74,"column":26},"end":{"line":74,"column":48}}},"fnMap":{"0":{"name":"(anonymous_7)","decl":{"start":{"line":15,"column":24},"end":{"line":15,"column":31}},"loc":{"start":{"line":15,"column":142},"end":{"line":38,"column":2}}},"1":{"name":"(anonymous_8)","decl":{"start":{"line":15,"column":142},"end":{"line":15,"column":null}},"loc":{"start":{"line":15,"column":142},"end":{"line":38,"column":1}}},"2":{"name":"(anonymous_9)","decl":{"start":{"line":26,"column":27},"end":{"line":26,"column":28}},"loc":{"start":{"line":26,"column":47},"end":{"line":30,"column":7}}},"3":{"name":"(anonymous_10)","decl":{"start":{"line":49,"column":31},"end":{"line":49,"column":38}},"loc":{"start":{"line":49,"column":149},"end":{"line":72,"column":2}}},"4":{"name":"(anonymous_11)","decl":{"start":{"line":49,"column":149},"end":{"line":49,"column":null}},"loc":{"start":{"line":49,"column":149},"end":{"line":72,"column":1}}},"5":{"name":"(anonymous_12)","decl":{"start":{"line":60,"column":27},"end":{"line":60,"column":28}},"loc":{"start":{"line":60,"column":47},"end":{"line":64,"column":7}}}},"branchMap":{"0":{"loc":{"start":{"line":22,"column":4},"end":{"line":36,"column":5}},"type":"if","locations":[{"start":{"line":22,"column":4},"end":{"line":36,"column":5}},{"start":{"line":33,"column":11},"end":{"line":36,"column":5}}]},"1":{"loc":{"start":{"line":56,"column":4},"end":{"line":70,"column":5}},"type":"if","locations":[{"start":{"line":56,"column":4},"end":{"line":70,"column":5}},{"start":{"line":67,"column":11},"end":{"line":70,"column":5}}]}},"s":{"0":1,"1":1,"2":1,"3":3,"4":3,"5":3,"6":2,"7":2,"8":1,"9":1,"10":1,"11":1,"12":3,"13":3,"14":3,"15":1,"16":0,"17":0,"18":1,"19":1,"20":1,"21":3,"22":3,"23":3,"24":2,"25":2,"26":1,"27":1,"28":1,"29":1,"30":1,"31":1,"32":1,"33":1,"34":0,"35":0,"36":1},"f":{"0":3,"1":3,"2":3,"3":3,"4":3,"5":1},"b":{"0":[1,0],"1":[1,0]}}
,"D:\\ATLP\\My_brandAPI\\src\\validations\\userValidation.ts": {"path":"D:\\ATLP\\My_brandAPI\\src\\validations\\userValidation.ts","statementMap":{"0":{"start":{"line":1,"column":0},"end":{"line":1,"column":34}},"1":{"start":{"line":2,"column":0},"end":{"line":2,"column":32}},"2":{"start":{"line":6,"column":22},"end":{"line":13,"column":2}},"3":{"start":{"line":15,"column":21},"end":{"line":44,"column":4}},"4":{"start":{"line":15,"column":116},"end":{"line":44,"column":4}},"5":{"start":{"line":16,"column":2},"end":{"line":43,"column":5}},"6":{"start":{"line":17,"column":33},"end":{"line":17,"column":62}},"7":{"start":{"line":19,"column":6},"end":{"line":22,"column":7}},"8":{"start":{"line":20,"column":33},"end":{"line":20,"column":71}},"9":{"start":{"line":21,"column":10},"end":{"line":21,"column":50}},"10":{"start":{"line":24,"column":6},"end":{"line":24,"column":27}},"11":{"start":{"line":27,"column":6},"end":{"line":42,"column":7}},"12":{"start":{"line":28,"column":8},"end":{"line":28,"column":58}},"13":{"start":{"line":30,"column":54},"end":{"line":30,"column":56}},"14":{"start":{"line":31,"column":8},"end":{"line":36,"column":11}},"15":{"start":{"line":32,"column":28},"end":{"line":32,"column":51}},"16":{"start":{"line":33,"column":31},"end":{"line":33,"column":54}},"17":{"start":{"line":35,"column":10},"end":{"line":35,"column":50}},"18":{"start":{"line":38,"column":8},"end":{"line":38,"column":51}},"19":{"start":{"line":40,"column":8},"end":{"line":40,"column":50}},"20":{"start":{"line":41,"column":8},"end":{"line":41,"column":81}},"21":{"start":{"line":88,"column":11},"end":{"line":88,"column":23}},"22":{"start":{"line":46,"column":27},"end":{"line":53,"column":4}},"23":{"start":{"line":57,"column":30},"end":{"line":86,"column":4}},"24":{"start":{"line":57,"column":125},"end":{"line":86,"column":4}},"25":{"start":{"line":58,"column":4},"end":{"line":85,"column":5}},"26":{"start":{"line":59,"column":33},"end":{"line":59,"column":65}},"27":{"start":{"line":61,"column":6},"end":{"line":64,"column":7}},"28":{"start":{"line":62,"column":33},"end":{"line":62,"column":71}},"29":{"start":{"line":63,"column":10},"end":{"line":63,"column":50}},"30":{"start":{"line":66,"column":6},"end":{"line":66,"column":27}},"31":{"start":{"line":69,"column":6},"end":{"line":84,"column":7}},"32":{"start":{"line":70,"column":8},"end":{"line":70,"column":58}},"33":{"start":{"line":72,"column":54},"end":{"line":72,"column":56}},"34":{"start":{"line":73,"column":8},"end":{"line":78,"column":11}},"35":{"start":{"line":74,"column":28},"end":{"line":74,"column":51}},"36":{"start":{"line":75,"column":31},"end":{"line":75,"column":54}},"37":{"start":{"line":77,"column":10},"end":{"line":77,"column":50}},"38":{"start":{"line":80,"column":8},"end":{"line":80,"column":51}},"39":{"start":{"line":82,"column":8},"end":{"line":82,"column":50}},"40":{"start":{"line":83,"column":8},"end":{"line":83,"column":81}},"41":{"start":{"line":88,"column":24},"end":{"line":88,"column":43}}},"fnMap":{"0":{"name":"(anonymous_7)","decl":{"start":{"line":15,"column":21},"end":{"line":15,"column":28}},"loc":{"start":{"line":15,"column":116},"end":{"line":44,"column":4}}},"1":{"name":"(anonymous_8)","decl":{"start":{"line":15,"column":116},"end":{"line":15,"column":null}},"loc":{"start":{"line":15,"column":116},"end":{"line":44,"column":3}}},"2":{"name":"(anonymous_9)","decl":{"start":{"line":31,"column":29},"end":{"line":31,"column":30}},"loc":{"start":{"line":31,"column":49},"end":{"line":36,"column":9}}},"3":{"name":"(anonymous_10)","decl":{"start":{"line":57,"column":30},"end":{"line":57,"column":37}},"loc":{"start":{"line":57,"column":125},"end":{"line":86,"column":4}}},"4":{"name":"(anonymous_11)","decl":{"start":{"line":57,"column":125},"end":{"line":57,"column":null}},"loc":{"start":{"line":57,"column":125},"end":{"line":86,"column":3}}},"5":{"name":"(anonymous_12)","decl":{"start":{"line":73,"column":29},"end":{"line":73,"column":30}},"loc":{"start":{"line":73,"column":49},"end":{"line":78,"column":9}}}},"branchMap":{"0":{"loc":{"start":{"line":19,"column":6},"end":{"line":22,"column":7}},"type":"if","locations":[{"start":{"line":19,"column":6},"end":{"line":22,"column":7}}]},"1":{"loc":{"start":{"line":27,"column":6},"end":{"line":42,"column":7}},"type":"if","locations":[{"start":{"line":27,"column":6},"end":{"line":42,"column":7}},{"start":{"line":39,"column":13},"end":{"line":42,"column":7}}]},"2":{"loc":{"start":{"line":61,"column":6},"end":{"line":64,"column":7}},"type":"if","locations":[{"start":{"line":61,"column":6},"end":{"line":64,"column":7}}]},"3":{"loc":{"start":{"line":69,"column":6},"end":{"line":84,"column":7}},"type":"if","locations":[{"start":{"line":69,"column":6},"end":{"line":84,"column":7}},{"start":{"line":81,"column":13},"end":{"line":84,"column":7}}]}},"s":{"0":1,"1":1,"2":1,"3":1,"4":2,"5":2,"6":2,"7":2,"8":2,"9":2,"10":2,"11":0,"12":0,"13":0,"14":0,"15":0,"16":0,"17":0,"18":0,"19":0,"20":0,"21":1,"22":1,"23":1,"24":3,"25":3,"26":3,"27":2,"28":1,"29":1,"30":2,"31":1,"32":1,"33":1,"34":1,"35":1,"36":1,"37":1,"38":1,"39":0,"40":0,"41":1},"f":{"0":2,"1":2,"2":0,"3":3,"4":3,"5":1},"b":{"0":[2],"1":[0,0],"2":[1],"3":[1,0]}}
}
