TN:
SF:src\index.ts
FN:27,(anonymous_1)
FNF:1
FNH:1
FNDA:1,(anonymous_1)
DA:1,1
DA:2,1
DA:3,1
DA:4,1
DA:5,1
DA:6,1
DA:7,1
DA:8,1
DA:9,1
DA:10,1
DA:11,1
DA:13,1
DA:14,1
DA:16,1
DA:18,1
DA:20,1
DA:21,1
DA:22,1
DA:23,1
DA:24,1
DA:25,1
DA:27,1
DA:28,1
DA:30,1
LF:24
LH:24
BRDA:14,0,0,1
BRDA:14,0,1,1
BRF:2
BRH:2
end_of_record
TN:
SF:src\controllers\articleController.ts
FN:7,(anonymous_7)
FN:32,(anonymous_9)
FN:58,(anonymous_11)
FN:75,(anonymous_13)
FN:85,(anonymous_15)
FNF:5
FNH:5
FNDA:1,(anonymous_7)
FNDA:1,(anonymous_9)
FNDA:1,(anonymous_11)
FNDA:1,(anonymous_13)
FNDA:1,(anonymous_15)
DA:2,1
DA:3,1
DA:9,1
DA:10,1
DA:11,1
DA:13,1
DA:15,1
DA:16,0
DA:17,0
DA:20,1
DA:22,1
DA:24,1
DA:27,0
DA:28,0
DA:33,1
DA:34,1
DA:35,1
DA:36,1
DA:38,1
DA:40,1
DA:41,0
DA:42,0
DA:45,1
DA:47,1
DA:48,0
DA:51,1
DA:53,0
DA:54,0
DA:59,1
DA:60,1
DA:62,1
DA:64,1
DA:66,0
DA:68,1
DA:70,0
DA:71,0
DA:76,1
DA:77,1
DA:78,1
DA:81,0
DA:82,0
DA:86,1
DA:87,1
DA:88,1
DA:89,1
DA:91,0
DA:92,0
DA:98,1
LF:48
LH:32
BRDA:11,0,0,0
BRDA:11,0,1,1
BRDA:11,1,0,1
BRDA:11,1,1,1
BRDA:15,2,0,0
BRDA:36,3,0,1
BRDA:36,3,1,0
BRDA:36,4,0,1
BRDA:36,4,1,1
BRDA:40,5,0,0
BRDA:47,6,0,0
BRDA:64,7,0,0
BRF:12
BRH:6
end_of_record
TN:
SF:src\controllers\commentController.ts
FN:9,(anonymous_7)
FN:11,(anonymous_9)
FN:11,(anonymous_10)
FN:12,(anonymous_11)
FN:12,(anonymous_12)
FN:56,(anonymous_13)
FN:59,(anonymous_15)
FN:59,(anonymous_16)
FN:75,(anonymous_17)
FNF:9
FNH:9
FNDA:1,(anonymous_7)
FNDA:1,(anonymous_9)
FNDA:1,(anonymous_10)
FNDA:1,(anonymous_11)
FNDA:1,(anonymous_12)
FNDA:1,(anonymous_13)
FNDA:1,(anonymous_15)
FNDA:1,(anonymous_16)
FNDA:1,(anonymous_17)
DA:3,1
DA:4,1
DA:5,1
DA:6,1
DA:10,1
DA:11,1
DA:12,1
DA:13,1
DA:14,0
DA:17,1
DA:18,1
DA:19,1
DA:22,1
DA:23,1
DA:24,0
DA:28,1
DA:29,1
DA:30,0
DA:33,1
DA:34,0
DA:37,1
DA:44,1
DA:45,1
DA:48,1
DA:52,0
DA:53,0
DA:57,1
DA:59,1
DA:60,1
DA:61,0
DA:64,1
DA:66,1
DA:69,1
DA:71,1
DA:72,0
DA:75,1
DA:77,1
DA:78,0
DA:82,1
DA:83,0
DA:88,1
DA:90,1
DA:92,1
DA:95,0
DA:96,0
DA:102,1
LF:46
LH:34
BRDA:13,0,0,0
BRDA:23,1,0,0
BRDA:29,2,0,0
BRDA:33,3,0,0
BRDA:60,4,0,0
BRDA:71,5,0,0
BRDA:77,6,0,0
BRDA:82,7,0,0
BRF:8
BRH:0
end_of_record
TN:
SF:src\controllers\loginController.ts
FN:10,(anonymous_8)
FNF:1
FNH:1
FNDA:1,(anonymous_8)
DA:2,1
DA:3,1
DA:4,1
DA:5,1
DA:7,1
DA:11,1
DA:12,1
DA:13,1
DA:15,1
DA:16,0
DA:19,1
DA:20,1
DA:22,1
DA:23,0
DA:26,1
DA:29,1
DA:33,0
DA:36,0
DA:37,0
DA:42,1
LF:20
LH:15
BRDA:15,0,0,0
BRDA:19,1,0,1
BRDA:19,1,1,0
BRDA:22,2,0,0
BRDA:26,3,0,1
BRDA:26,3,1,0
BRF:6
BRH:2
end_of_record
TN:
SF:src\controllers\messageController.ts
FN:6,(anonymous_7)
FN:19,(anonymous_9)
FNF:2
FNH:2
FNDA:1,(anonymous_7)
FNDA:1,(anonymous_9)
DA:3,1
DA:7,1
DA:8,1
DA:9,1
DA:11,1
DA:14,0
DA:15,0
DA:20,1
DA:21,1
DA:22,1
DA:24,0
DA:25,0
DA:29,1
LF:13
LH:9
BRF:0
BRH:0
end_of_record
TN:
SF:src\controllers\userController.ts
FN:7,(anonymous_7)
FN:30,(anonymous_9)
FN:42,(anonymous_11)
FN:69,(anonymous_13)
FNF:4
FNH:4
FNDA:1,(anonymous_7)
FNDA:1,(anonymous_9)
FNDA:1,(anonymous_11)
FNDA:1,(anonymous_13)
DA:2,1
DA:3,1
DA:8,1
DA:9,1
DA:11,1
DA:13,1
DA:14,0
DA:15,0
DA:19,1
DA:21,1
DA:24,0
DA:25,0
DA:31,1
DA:32,1
DA:34,1
DA:36,0
DA:37,0
DA:43,1
DA:44,1
DA:45,1
DA:48,1
DA:50,1
DA:51,0
DA:52,0
DA:55,1
DA:57,1
DA:58,0
DA:61,1
DA:63,0
DA:64,0
DA:70,1
DA:71,1
DA:73,1
DA:74,1
DA:75,0
DA:77,1
DA:80,0
DA:81,0
DA:86,1
LF:39
LH:25
BRDA:13,0,0,0
BRDA:50,1,0,0
BRDA:57,2,0,0
BRDA:74,3,0,0
BRF:4
BRH:0
end_of_record
TN:
SF:src\database\dbconnect.ts
FN:8,(anonymous_8)
FN:8,(anonymous_9)
FNF:2
FNH:2
FNDA:1,(anonymous_8)
FNDA:1,(anonymous_9)
DA:1,1
DA:2,1
DA:4,1
DA:6,1
DA:8,1
DA:9,1
DA:10,1
DA:11,1
DA:13,0
DA:19,1
LF:10
LH:9
BRF:0
BRH:0
end_of_record
TN:
SF:src\middleware\authMiddleware.ts
FN:17,authenticateToken
FN:26,(anonymous_10)
FN:26,(anonymous_11)
FN:51,authenticateAdmin
FNF:4
FNH:4
FNDA:10,authenticateToken
FNDA:10,(anonymous_10)
FNDA:10,(anonymous_11)
FNDA:7,authenticateAdmin
DA:3,1
DA:4,1
DA:6,1
DA:7,1
DA:17,1
DA:18,10
DA:19,10
DA:20,10
DA:21,10
DA:22,10
DA:23,0
DA:26,10
DA:27,10
DA:28,0
DA:29,0
DA:34,10
DA:37,10
DA:39,10
DA:40,0
DA:43,10
DA:44,10
DA:47,0
DA:48,0
DA:51,1
DA:52,7
DA:54,7
DA:55,0
DA:59,7
DA:60,0
DA:63,7
DA:65,0
DA:66,0
LF:32
LH:22
BRDA:20,0,0,0
BRDA:22,1,0,0
BRDA:26,2,0,10
BRDA:26,2,1,0
BRDA:27,3,0,0
BRDA:39,4,0,0
BRDA:54,5,0,0
BRDA:59,6,0,0
BRF:8
BRH:1
end_of_record
TN:
SF:src\middleware\uploadMiddleware.ts
FN:12,(anonymous_1)
FN:16,(anonymous_2)
FNF:2
FNH:2
FNDA:1,(anonymous_1)
FNDA:1,(anonymous_2)
DA:4,1
DA:5,1
DA:8,1
DA:11,1
DA:13,1
DA:14,1
DA:17,1
DA:21,1
DA:23,1
LF:9
LH:9
BRF:0
BRH:0
end_of_record
TN:
SF:src\model\article.ts
FNF:0
FNH:0
DA:3,1
DA:5,1
DA:18,1
DA:33,1
DA:35,1
LF:5
LH:5
BRF:0
BRH:0
end_of_record
TN:
SF:src\model\comment.ts
FNF:0
FNH:0
DA:1,1
DA:12,1
DA:18,1
DA:19,1
LF:4
LH:4
BRF:0
BRH:0
end_of_record
TN:
SF:src\model\message.ts
FNF:0
FNH:0
DA:2,1
DA:12,1
DA:20,1
DA:22,1
LF:4
LH:4
BRF:0
BRH:0
end_of_record
TN:
SF:src\model\user.ts
FNF:0
FNH:0
DA:1,1
DA:12,1
DA:37,1
DA:39,1
LF:4
LH:4
BRF:0
BRH:0
end_of_record
TN:
SF:src\routes\articleRoute.ts
FNF:0
FNH:0
DA:3,1
DA:4,1
DA:5,1
DA:7,1
DA:9,1
DA:10,1
DA:11,1
DA:12,1
DA:13,1
DA:14,1
DA:17,1
LF:11
LH:11
BRF:0
BRH:0
end_of_record
TN:
SF:src\routes\commentRoute.ts
FNF:0
FNH:0
DA:1,1
DA:4,1
DA:6,1
DA:7,1
DA:8,1
DA:10,1
LF:6
LH:6
BRF:0
BRH:0
end_of_record
TN:
SF:src\routes\loginRoute.ts
FNF:0
FNH:0
DA:1,1
DA:2,1
DA:5,1
DA:8,1
DA:10,1
LF:5
LH:5
BRF:0
BRH:0
end_of_record
TN:
SF:src\routes\messageRoute.ts
FNF:0
FNH:0
DA:1,1
DA:2,1
DA:3,1
DA:5,1
DA:7,1
DA:8,1
DA:10,1
LF:7
LH:7
BRF:0
BRH:0
end_of_record
TN:
SF:src\routes\userRoute.ts
FNF:0
FNH:0
DA:1,1
DA:3,1
DA:4,1
DA:6,1
DA:8,1
DA:9,1
DA:10,1
DA:11,1
DA:13,1
LF:9
LH:9
BRF:0
BRH:0
end_of_record
TN:
SF:src\validations\articleValidation.ts
FN:15,(anonymous_7)
FN:15,(anonymous_8)
FN:26,(anonymous_9)
FN:49,(anonymous_10)
FN:49,(anonymous_11)
FN:60,(anonymous_12)
FNF:6
FNH:6
FNDA:3,(anonymous_7)
FNDA:3,(anonymous_8)
FNDA:3,(anonymous_9)
FNDA:3,(anonymous_10)
FNDA:3,(anonymous_11)
FNDA:1,(anonymous_12)
DA:2,1
DA:6,1
DA:15,3
DA:16,3
DA:17,3
DA:19,2
DA:20,2
DA:22,1
DA:23,1
DA:25,1
DA:26,1
DA:27,3
DA:28,3
DA:29,3
DA:32,1
DA:34,0
DA:35,0
DA:40,1
DA:49,3
DA:50,3
DA:51,3
DA:53,2
DA:54,2
DA:56,1
DA:57,1
DA:59,1
DA:60,1
DA:61,1
DA:62,1
DA:63,1
DA:66,1
DA:68,0
DA:69,0
DA:74,1
LF:34
LH:30
BRDA:22,0,0,1
BRDA:22,0,1,0
BRDA:56,1,0,1
BRDA:56,1,1,0
BRF:4
BRH:2
end_of_record
TN:
SF:src\validations\userValidation.ts
FN:15,(anonymous_7)
FN:15,(anonymous_8)
FN:31,(anonymous_9)
FN:57,(anonymous_10)
FN:57,(anonymous_11)
FN:73,(anonymous_12)
FNF:6
FNH:5
FNDA:2,(anonymous_7)
FNDA:2,(anonymous_8)
FNDA:0,(anonymous_9)
FNDA:3,(anonymous_10)
FNDA:3,(anonymous_11)
FNDA:1,(anonymous_12)
DA:1,1
DA:2,1
DA:6,1
DA:15,2
DA:16,2
DA:17,2
DA:19,2
DA:20,2
DA:21,2
DA:24,2
DA:27,0
DA:28,0
DA:30,0
DA:31,0
DA:32,0
DA:33,0
DA:35,0
DA:38,0
DA:40,0
DA:41,0
DA:46,1
DA:57,3
DA:58,3
DA:59,3
DA:61,2
DA:62,1
DA:63,1
DA:66,2
DA:69,1
DA:70,1
DA:72,1
DA:73,1
DA:74,1
DA:75,1
DA:77,1
DA:80,1
DA:82,0
DA:83,0
DA:88,1
LF:39
LH:27
BRDA:19,0,0,2
BRDA:27,1,0,0
BRDA:27,1,1,0
BRDA:61,2,0,1
BRDA:69,3,0,1
BRDA:69,3,1,0
BRF:6
BRH:3
end_of_record
